Arguments: 
  /usr/local/bin/node /Users/hu/.config/yarn/global/node_modules/yarn/lib/cli.js add Konva

PATH: 
  /Users/hu/.deno/bin:/usr/local/bin:/usr/bin:/bin:/usr/sbin:/sbin:/usr/local/aria2/bin:/Library/Frameworks/Mono.framework/Versions/Current/Commands

Yarn version: 
  1.22.11

Node version: 
  14.18.0

Platform: 
  darwin x64

Trace: 
  Error: http://10.0.2.145:8081/repository/npm/Konva: Package 'Konva' not found
      at Request.params.callback [as _callback] (/Users/hu/.config/yarn/global/node_modules/yarn/lib/cli.js:66992:18)
      at Request.self.callback (/Users/hu/.config/yarn/global/node_modules/yarn/lib/cli.js:140763:22)
      at Request.emit (events.js:400:28)
      at Request.<anonymous> (/Users/hu/.config/yarn/global/node_modules/yarn/lib/cli.js:141735:10)
      at Request.emit (events.js:400:28)
      at IncomingMessage.<anonymous> (/Users/hu/.config/yarn/global/node_modules/yarn/lib/cli.js:141657:12)
      at Object.onceWrapper (events.js:519:28)
      at IncomingMessage.emit (events.js:412:35)
      at endReadableNT (internal/streams/readable.js:1334:12)
      at processTicksAndRejections (internal/process/task_queues.js:82:21)

npm manifest: 
  {
    "name": "@egret-revit/core",
    "version": "0.2.6",
    "scripts": {
      "dev": "vite",
      "build": "vite build && tsc",
      "serve": "vite preview",
      "watch": "tsc -w --emitDeclarationOnly false"
    },
    "main": "./dist/core.umd.js",
    "module": "./dist/esm/index.js",
    "types": "./dist/esm/index.d.ts",
    "files": [
      "dist",
      "src"
    ],
    "exports": {
      ".": {
        "import": "./dist/esm/index.js",
        "require": "./dist/core.umd.js"
      }
    },
    "devDependencies": {
      "@types/fabric": "^4.5.3",
      "@types/node": "^16.11.6",
      "@typescript-eslint/eslint-plugin": "^5.2.0",
      "@typescript-eslint/parser": "^5.2.0",
      "cross-env": "^7.0.3",
      "eslint": "^8.1.0",
      "eslint-config-prettier": "^8.3.0",
      "prettier": "^2.4.1",
      "typescript": "^4.4.4",
      "vite": "^2.4.3"
    },
    "dependencies": {
      "@dxfom/dxf": "^0.0.2",
      "fabric": "^4.6.0",
      "immer": "~9.0.5",
      "makerjs": "^0.17.1",
      "rxjs": "~7.3.0",
      "three.js": "^0.77.1"
    }
  }

yarn manifest: 
  No manifest

Lockfile: 
  # THIS IS AN AUTOGENERATED FILE. DO NOT EDIT THIS FILE DIRECTLY.
  # yarn lockfile v1
  
  
  "@danmarshall/jscad-typings@^1.0.0":
    version "1.0.0"
    resolved "http://10.0.2.145:8081/repository/npm/@danmarshall/jscad-typings/-/jscad-typings-1.0.0.tgz#87dfb9c49a21cbbdfd54feb20e57544374809102"
    integrity sha1-h9+5xJohy739VP6yDldUQ3SAkQI=
  
  "@dxfom/dxf@^0.0.2":
    version "0.0.2"
    resolved "http://10.0.2.145:8081/repository/npm/@dxfom/dxf/-/dxf-0.0.2.tgz#5b9c685788e2735a703a151f9d182ee1f7a1cb0f"
    integrity sha1-W5xoV4jic1pwOhUfnRgu4fehyw8=
  
  "@eslint/eslintrc@^1.0.3":
    version "1.0.3"
    resolved "http://10.0.2.145:8081/repository/npm/@eslint/eslintrc/-/eslintrc-1.0.3.tgz#41f08c597025605f672251dcc4e8be66b5ed7366"
    integrity sha1-QfCMWXAlYF9nIlHcxOi+ZrXtc2Y=
    dependencies:
      ajv "^6.12.4"
      debug "^4.3.2"
      espree "^9.0.0"
      globals "^13.9.0"
      ignore "^4.0.6"
      import-fresh "^3.2.1"
      js-yaml "^3.13.1"
      minimatch "^3.0.4"
      strip-json-comments "^3.1.1"
  
  "@humanwhocodes/config-array@^0.6.0":
    version "0.6.0"
    resolved "http://10.0.2.145:8081/repository/npm/@humanwhocodes/config-array/-/config-array-0.6.0.tgz#b5621fdb3b32309d2d16575456cbc277fa8f021a"
    integrity sha1-tWIf2zsyMJ0tFldUVsvCd/qPAho=
    dependencies:
      "@humanwhocodes/object-schema" "^1.2.0"
      debug "^4.1.1"
      minimatch "^3.0.4"
  
  "@humanwhocodes/object-schema@^1.2.0":
    version "1.2.0"
    resolved "http://10.0.2.145:8081/repository/npm/@humanwhocodes/object-schema/-/object-schema-1.2.0.tgz#87de7af9c231826fdd68ac7258f77c429e0e5fcf"
    integrity sha1-h956+cIxgm/daKxyWPd8Qp4OX88=
  
  "@mapbox/node-pre-gyp@^1.0.0":
    version "1.0.6"
    resolved "http://10.0.2.145:8081/repository/npm/@mapbox/node-pre-gyp/-/node-pre-gyp-1.0.6.tgz#f859d601a210537e27530f363028cde56e0cf962"
    integrity sha1-+FnWAaIQU34nUw82MCjN5W4M+WI=
    dependencies:
      detect-libc "^1.0.3"
      https-proxy-agent "^5.0.0"
      make-dir "^3.1.0"
      node-fetch "^2.6.5"
      nopt "^5.0.0"
      npmlog "^5.0.1"
      rimraf "^3.0.2"
      semver "^7.3.5"
      tar "^6.1.11"
  
  "@nodelib/fs.scandir@2.1.5":
    version "2.1.5"
    resolved "http://10.0.2.145:8081/repository/npm/@nodelib/fs.scandir/-/fs.scandir-2.1.5.tgz#7619c2eb21b25483f6d167548b4cfd5a7488c3d5"
    integrity sha1-dhnC6yGyVIP20WdUi0z9WnSIw9U=
    dependencies:
      "@nodelib/fs.stat" "2.0.5"
      run-parallel "^1.1.9"
  
  "@nodelib/fs.stat@2.0.5", "@nodelib/fs.stat@^2.0.2":
    version "2.0.5"
    resolved "http://10.0.2.145:8081/repository/npm/@nodelib/fs.stat/-/fs.stat-2.0.5.tgz#5bd262af94e9d25bd1e71b05deed44876a222e8b"
    integrity sha1-W9Jir5Tp0lvR5xsF3u1Eh2oiLos=
  
  "@nodelib/fs.walk@^1.2.3":
    version "1.2.8"
    resolved "http://10.0.2.145:8081/repository/npm/@nodelib/fs.walk/-/fs.walk-1.2.8.tgz#e95737e8bb6746ddedf69c556953494f196fe69a"
    integrity sha1-6Vc36LtnRt3t9pxVaVNJTxlv5po=
    dependencies:
      "@nodelib/fs.scandir" "2.1.5"
      fastq "^1.6.0"
  
  "@types/bezier-js@^0.0.6":
    version "0.0.6"
    resolved "http://10.0.2.145:8081/repository/npm/@types/bezier-js/-/bezier-js-0.0.6.tgz#0d976d68163c4955332ef798a21a0b3d6381d12b"
    integrity sha1-DZdtaBY8SVUzLveYohoLPWOB0Ss=
  
  "@types/fabric@^4.5.3":
    version "4.5.3"
    resolved "http://10.0.2.145:8081/repository/npm/@types/fabric/-/fabric-4.5.3.tgz#f4f2e1168d086a7ffe12e5cea4193d0cd6a526f7"
    integrity sha1-9PLhFo0Ian/+EuXOpBk9DNalJvc=
  
  "@types/json-schema@^7.0.9":
    version "7.0.9"
    resolved "http://10.0.2.145:8081/repository/npm/@types/json-schema/-/json-schema-7.0.9.tgz#97edc9037ea0c38585320b28964dde3b39e4660d"
    integrity sha1-l+3JA36gw4WFMgsolk3eOznkZg0=
  
  "@types/node@*", "@types/node@^16.11.6":
    version "16.11.6"
    resolved "http://10.0.2.145:8081/repository/npm/@types/node/-/node-16.11.6.tgz#6bef7a2a0ad684cf6e90fcfe31cecabd9ce0a3ae"
    integrity sha1-a+96KgrWhM9ukPz+Mc7KvZzgo64=
  
  "@types/node@^7.0.5":
    version "7.10.14"
    resolved "http://10.0.2.145:8081/repository/npm/@types/node/-/node-7.10.14.tgz#06fa7319b8131b969a8da4a14c487e6f28abacf7"
    integrity sha1-BvpzGbgTG5aajaShTEh+byirrPc=
  
  "@types/opentype.js@^0.7.0":
    version "0.7.2"
    resolved "http://10.0.2.145:8081/repository/npm/@types/opentype.js/-/opentype.js-0.7.2.tgz#ced5b117a5736578c6b9d835e35b0204c6ef2e8f"
    integrity sha1-ztWxF6VzZXjGudg141sCBMbvLo8=
  
  "@types/pdfkit@^0.7.34":
    version "0.7.36"
    resolved "http://10.0.2.145:8081/repository/npm/@types/pdfkit/-/pdfkit-0.7.36.tgz#d7241454e2ae94ee0bed684e712fbfdc2b3e0e6f"
    integrity sha1-1yQUVOKulO4L7WhOcS+/3Cs+Dm8=
    dependencies:
      "@types/node" "*"
  
  "@typescript-eslint/eslint-plugin@^5.2.0":
    version "5.2.0"
    resolved "http://10.0.2.145:8081/repository/npm/@typescript-eslint/eslint-plugin/-/eslint-plugin-5.2.0.tgz#2bdb247cc2e2afce7efbce09afb9a6f0a8a08434"
    integrity sha1-K9skfMLir85++84Jr7mm8KighDQ=
    dependencies:
      "@typescript-eslint/experimental-utils" "5.2.0"
      "@typescript-eslint/scope-manager" "5.2.0"
      debug "^4.3.2"
      functional-red-black-tree "^1.0.1"
      ignore "^5.1.8"
      regexpp "^3.2.0"
      semver "^7.3.5"
      tsutils "^3.21.0"
  
  "@typescript-eslint/experimental-utils@5.2.0":
    version "5.2.0"
    resolved "http://10.0.2.145:8081/repository/npm/@typescript-eslint/experimental-utils/-/experimental-utils-5.2.0.tgz#e3b2cb9cd0aff9b50f68d9a414c299fd26b067e6"
    integrity sha1-47LLnNCv+bUPaNmkFMKZ/SawZ+Y=
    dependencies:
      "@types/json-schema" "^7.0.9"
      "@typescript-eslint/scope-manager" "5.2.0"
      "@typescript-eslint/types" "5.2.0"
      "@typescript-eslint/typescript-estree" "5.2.0"
      eslint-scope "^5.1.1"
      eslint-utils "^3.0.0"
  
  "@typescript-eslint/parser@^5.2.0":
    version "5.2.0"
    resolved "http://10.0.2.145:8081/repository/npm/@typescript-eslint/parser/-/parser-5.2.0.tgz#dc081aa89de16b5676b10215519af3aa7b58fb72"
    integrity sha1-3AgaqJ3ha1Z2sQIVUZrzqntY+3I=
    dependencies:
      "@typescript-eslint/scope-manager" "5.2.0"
      "@typescript-eslint/types" "5.2.0"
      "@typescript-eslint/typescript-estree" "5.2.0"
      debug "^4.3.2"
  
  "@typescript-eslint/scope-manager@5.2.0":
    version "5.2.0"
    resolved "http://10.0.2.145:8081/repository/npm/@typescript-eslint/scope-manager/-/scope-manager-5.2.0.tgz#7ce8e4ab2baaa0ad5282913ea8e13ce03ec6a12a"
    integrity sha1-fOjkqyuqoK1SgpE+qOE84D7GoSo=
    dependencies:
      "@typescript-eslint/types" "5.2.0"
      "@typescript-eslint/visitor-keys" "5.2.0"
  
  "@typescript-eslint/types@5.2.0":
    version "5.2.0"
    resolved "http://10.0.2.145:8081/repository/npm/@typescript-eslint/types/-/types-5.2.0.tgz#7ad32d15abddb0ee968a330f0ea182ea544ef7cf"
    integrity sha1-etMtFavdsO6WijMPDqGC6lRO988=
  
  "@typescript-eslint/typescript-estree@5.2.0":
    version "5.2.0"
    resolved "http://10.0.2.145:8081/repository/npm/@typescript-eslint/typescript-estree/-/typescript-estree-5.2.0.tgz#c22e0ff6f8a4a3f78504a80ebd686fe2870a68ae"
    integrity sha1-wi4P9viko/eFBKgOvWhv4ocKaK4=
    dependencies:
      "@typescript-eslint/types" "5.2.0"
      "@typescript-eslint/visitor-keys" "5.2.0"
      debug "^4.3.2"
      globby "^11.0.4"
      is-glob "^4.0.3"
      semver "^7.3.5"
      tsutils "^3.21.0"
  
  "@typescript-eslint/visitor-keys@5.2.0":
    version "5.2.0"
    resolved "http://10.0.2.145:8081/repository/npm/@typescript-eslint/visitor-keys/-/visitor-keys-5.2.0.tgz#03522d35df98474f08e0357171a7d1b259a88f55"
    integrity sha1-A1ItNd+YR08I4DVxcafRslmoj1U=
    dependencies:
      "@typescript-eslint/types" "5.2.0"
      eslint-visitor-keys "^3.0.0"
  
  abab@^2.0.0:
    version "2.0.5"
    resolved "http://10.0.2.145:8081/repository/npm/abab/-/abab-2.0.5.tgz#c0b678fb32d60fc1219c784d6a826fe385aeb79a"
    integrity sha1-wLZ4+zLWD8EhnHhNaoJv44Wut5o=
  
  abbrev@1:
    version "1.1.1"
    resolved "http://10.0.2.145:8081/repository/npm/abbrev/-/abbrev-1.1.1.tgz#f8f2c887ad10bf67f634f005b6987fed3179aac8"
    integrity sha1-+PLIh60Qv2f2NPAFtph/7TF5qsg=
  
  acorn-globals@^4.3.2:
    version "4.3.4"
    resolved "http://10.0.2.145:8081/repository/npm/acorn-globals/-/acorn-globals-4.3.4.tgz#9fa1926addc11c97308c4e66d7add0d40c3272e7"
    integrity sha1-n6GSat3BHJcwjE5m163Q1Awycuc=
    dependencies:
      acorn "^6.0.1"
      acorn-walk "^6.0.1"
  
  acorn-jsx@^5.3.1:
    version "5.3.2"
    resolved "http://10.0.2.145:8081/repository/npm/acorn-jsx/-/acorn-jsx-5.3.2.tgz#7ed5bb55908b3b2f1bc55c6af1653bada7f07937"
    integrity sha1-ftW7VZCLOy8bxVxq8WU7rafweTc=
  
  acorn-walk@^6.0.1:
    version "6.2.0"
    resolved "http://10.0.2.145:8081/repository/npm/acorn-walk/-/acorn-walk-6.2.0.tgz#123cb8f3b84c2171f1f7fb252615b1c78a6b1a8c"
    integrity sha1-Ejy487hMIXHx9/slJhWxx4prGow=
  
  acorn@^6.0.1:
    version "6.4.2"
    resolved "http://10.0.2.145:8081/repository/npm/acorn/-/acorn-6.4.2.tgz#35866fd710528e92de10cf06016498e47e39e1e6"
    integrity sha1-NYZv1xBSjpLeEM8GAWSY5H454eY=
  
  acorn@^7.1.0:
    version "7.4.1"
    resolved "http://10.0.2.145:8081/repository/npm/acorn/-/acorn-7.4.1.tgz#feaed255973d2e77555b83dbc08851a6c63520fa"
    integrity sha1-/q7SVZc9LndVW4PbwIhRpsY1IPo=
  
  acorn@^8.5.0:
    version "8.5.0"
    resolved "http://10.0.2.145:8081/repository/npm/acorn/-/acorn-8.5.0.tgz#4512ccb99b3698c752591e9bb4472e38ad43cee2"
    integrity sha1-RRLMuZs2mMdSWR6btEcuOK1DzuI=
  
  agent-base@6:
    version "6.0.2"
    resolved "http://10.0.2.145:8081/repository/npm/agent-base/-/agent-base-6.0.2.tgz#49fff58577cfee3f37176feab4c22e00f86d7f77"
    integrity sha1-Sf/1hXfP7j83F2/qtMIuAPhtf3c=
    dependencies:
      debug "4"
  
  ajv@^6.10.0, ajv@^6.12.3, ajv@^6.12.4:
    version "6.12.6"
    resolved "http://10.0.2.145:8081/repository/npm/ajv/-/ajv-6.12.6.tgz#baf5a62e802b07d977034586f8c3baf5adf26df4"
    integrity sha1-uvWmLoArB9l3A0WG+MO69a3ybfQ=
    dependencies:
      fast-deep-equal "^3.1.1"
      fast-json-stable-stringify "^2.0.0"
      json-schema-traverse "^0.4.1"
      uri-js "^4.2.2"
  
  ansi-colors@^4.1.1:
    version "4.1.1"
    resolved "http://10.0.2.145:8081/repository/npm/ansi-colors/-/ansi-colors-4.1.1.tgz#cbb9ae256bf750af1eab344f229aa27fe94ba348"
    integrity sha1-y7muJWv3UK8eqzRPIpqif+lLo0g=
  
  ansi-regex@^3.0.0:
    version "3.0.0"
    resolved "http://10.0.2.145:8081/repository/npm/ansi-regex/-/ansi-regex-3.0.0.tgz#ed0317c322064f79466c02966bddb605ab37d998"
    integrity sha1-7QMXwyIGT3lGbAKWa922Bas32Zg=
  
  ansi-regex@^5.0.1:
    version "5.0.1"
    resolved "http://10.0.2.145:8081/repository/npm/ansi-regex/-/ansi-regex-5.0.1.tgz#082cb2c89c9fe8659a311a53bd6a4dc5301db304"
    integrity sha1-CCyyyJyf6GWaMRpTvWpNxTAdswQ=
  
  ansi-styles@^4.1.0:
    version "4.3.0"
    resolved "http://10.0.2.145:8081/repository/npm/ansi-styles/-/ansi-styles-4.3.0.tgz#edd803628ae71c04c85ae7a0906edad34b648937"
    integrity sha1-7dgDYornHATIWuegkG7a00tkiTc=
    dependencies:
      color-convert "^2.0.1"
  
  "aproba@^1.0.3 || ^2.0.0":
    version "2.0.0"
    resolved "http://10.0.2.145:8081/repository/npm/aproba/-/aproba-2.0.0.tgz#52520b8ae5b569215b354efc0caa3fe1e45a8adc"
    integrity sha1-UlILiuW1aSFbNU78DKo/4eRaitw=
  
  are-we-there-yet@^2.0.0:
    version "2.0.0"
    resolved "http://10.0.2.145:8081/repository/npm/are-we-there-yet/-/are-we-there-yet-2.0.0.tgz#372e0e7bd279d8e94c653aaa1f67200884bf3e1c"
    integrity sha1-Ny4Oe9J52OlMZTqqH2cgCIS/Phw=
    dependencies:
      delegates "^1.0.0"
      readable-stream "^3.6.0"
  
  argparse@^1.0.7:
    version "1.0.10"
    resolved "http://10.0.2.145:8081/repository/npm/argparse/-/argparse-1.0.10.tgz#bcd6791ea5ae09725e17e5ad988134cd40b3d911"
    integrity sha1-vNZ5HqWuCXJeF+WtmIE0zUCz2RE=
    dependencies:
      sprintf-js "~1.0.2"
  
  argparse@^2.0.1:
    version "2.0.1"
    resolved "http://10.0.2.145:8081/repository/npm/argparse/-/argparse-2.0.1.tgz#246f50f3ca78a3240f6c997e8a9bd1eac49e4b38"
    integrity sha1-JG9Q88p4oyQPbJl+ipvR6sSeSzg=
  
  array-equal@^1.0.0:
    version "1.0.0"
    resolved "http://10.0.2.145:8081/repository/npm/array-equal/-/array-equal-1.0.0.tgz#8c2a5ef2472fd9ea742b04c77a75093ba2757c93"
    integrity sha1-jCpe8kcv2ep0KwTHenUJO6J1fJM=
  
  array-union@^2.1.0:
    version "2.1.0"
    resolved "http://10.0.2.145:8081/repository/npm/array-union/-/array-union-2.1.0.tgz#b798420adbeb1de828d84acd8a2e23d3efe85e8d"
    integrity sha1-t5hCCtvrHego2ErNii4j0+/oXo0=
  
  asn1@~0.2.3:
    version "0.2.4"
    resolved "http://10.0.2.145:8081/repository/npm/asn1/-/asn1-0.2.4.tgz#8d2475dfab553bb33e77b54e59e880bb8ce23136"
    integrity sha1-jSR136tVO7M+d7VOWeiAu4ziMTY=
    dependencies:
      safer-buffer "~2.1.0"
  
  assert-plus@1.0.0, assert-plus@^1.0.0:
    version "1.0.0"
    resolved "http://10.0.2.145:8081/repository/npm/assert-plus/-/assert-plus-1.0.0.tgz#f12e0f3c5d77b0b1cdd9146942e4e96c1e4dd525"
    integrity sha1-8S4PPF13sLHN2RRpQuTpbB5N1SU=
  
  asynckit@^0.4.0:
    version "0.4.0"
    resolved "http://10.0.2.145:8081/repository/npm/asynckit/-/asynckit-0.4.0.tgz#c79ed97f7f34cb8f2ba1bc9790bcc366474b4b79"
    integrity sha1-x57Zf380y48robyXkLzDZkdLS3k=
  
  aws-sign2@~0.7.0:
    version "0.7.0"
    resolved "http://10.0.2.145:8081/repository/npm/aws-sign2/-/aws-sign2-0.7.0.tgz#b46e890934a9591f2d2f6f86d7e6a9f1b3fe76a8"
    integrity sha1-tG6JCTSpWR8tL2+G1+ap8bP+dqg=
  
  aws4@^1.8.0:
    version "1.11.0"
    resolved "http://10.0.2.145:8081/repository/npm/aws4/-/aws4-1.11.0.tgz#d61f46d83b2519250e2784daf5b09479a8b41c59"
    integrity sha1-1h9G2DslGSUOJ4Ta9bCUeai0HFk=
  
  balanced-match@^1.0.0:
    version "1.0.2"
    resolved "http://10.0.2.145:8081/repository/npm/balanced-match/-/balanced-match-1.0.2.tgz#e83e3a7e3f300b34cb9d87f615fa0cbf357690ee"
    integrity sha1-6D46fj8wCzTLnYf2FfoMvzV2kO4=
  
  bcrypt-pbkdf@^1.0.0:
    version "1.0.2"
    resolved "http://10.0.2.145:8081/repository/npm/bcrypt-pbkdf/-/bcrypt-pbkdf-1.0.2.tgz#a4301d389b6a43f9b67ff3ca11a3f6637e360e9e"
    integrity sha1-pDAdOJtqQ/m2f/PKEaP2Y342Dp4=
    dependencies:
      tweetnacl "^0.14.3"
  
  bezier-js@^2.1.0:
    version "2.6.1"
    resolved "http://10.0.2.145:8081/repository/npm/bezier-js/-/bezier-js-2.6.1.tgz#ed9c6ebfcb3214794ff213cf90ee8aac644ecf7f"
    integrity sha1-7Zxuv8syFHlP8hPPkO6KrGROz38=
  
  brace-expansion@^1.1.7:
    version "1.1.11"
    resolved "http://10.0.2.145:8081/repository/npm/brace-expansion/-/brace-expansion-1.1.11.tgz#3c7fcbf529d87226f3d2f52b966ff5271eb441dd"
    integrity sha1-PH/L9SnYcibz0vUrlm/1Jx60Qd0=
    dependencies:
      balanced-match "^1.0.0"
      concat-map "0.0.1"
  
  braces@^3.0.1:
    version "3.0.2"
    resolved "http://10.0.2.145:8081/repository/npm/braces/-/braces-3.0.2.tgz#3454e1a462ee8d599e236df336cd9ea4f8afe107"
    integrity sha1-NFThpGLujVmeI23zNs2epPiv4Qc=
    dependencies:
      fill-range "^7.0.1"
  
  browser-process-hrtime@^1.0.0:
    version "1.0.0"
    resolved "http://10.0.2.145:8081/repository/npm/browser-process-hrtime/-/browser-process-hrtime-1.0.0.tgz#3c9b4b7d782c8121e56f10106d84c0d0ffc94626"
    integrity sha1-PJtLfXgsgSHlbxAQbYTA0P/JRiY=
  
  callsites@^3.0.0:
    version "3.1.0"
    resolved "http://10.0.2.145:8081/repository/npm/callsites/-/callsites-3.1.0.tgz#b3630abd8943432f54b3f0519238e33cd7df2f73"
    integrity sha1-s2MKvYlDQy9Us/BRkjjjPNffL3M=
  
  canvas@^2.6.1:
    version "2.8.0"
    resolved "http://10.0.2.145:8081/repository/npm/canvas/-/canvas-2.8.0.tgz#f99ca7f25e6e26686661ffa4fec1239bbef74461"
    integrity sha1-+Zyn8l5uJmhmYf+k/sEjm773RGE=
    dependencies:
      "@mapbox/node-pre-gyp" "^1.0.0"
      nan "^2.14.0"
      simple-get "^3.0.3"
  
  caseless@~0.12.0:
    version "0.12.0"
    resolved "http://10.0.2.145:8081/repository/npm/caseless/-/caseless-0.12.0.tgz#1b681c21ff84033c826543090689420d187151dc"
    integrity sha1-G2gcIf+EAzyCZUMJBolCDRhxUdw=
  
  chalk@^4.0.0:
    version "4.1.2"
    resolved "http://10.0.2.145:8081/repository/npm/chalk/-/chalk-4.1.2.tgz#aac4e2b7734a740867aeb16bf02aad556a1e7a01"
    integrity sha1-qsTit3NKdAhnrrFr8CqtVWoeegE=
    dependencies:
      ansi-styles "^4.1.0"
      supports-color "^7.1.0"
  
  chownr@^2.0.0:
    version "2.0.0"
    resolved "http://10.0.2.145:8081/repository/npm/chownr/-/chownr-2.0.0.tgz#15bfbe53d2eab4cf70f18a8cd68ebe5b3cb1dece"
    integrity sha1-Fb++U9LqtM9w8YqM1o6+Wzyx3s4=
  
  clone@^1.0.2:
    version "1.0.4"
    resolved "http://10.0.2.145:8081/repository/npm/clone/-/clone-1.0.4.tgz#da309cc263df15994c688ca902179ca3c7cd7c7e"
    integrity sha1-2jCcwmPfFZlMaIypAheco8fNfH4=
  
  color-convert@^2.0.1:
    version "2.0.1"
    resolved "http://10.0.2.145:8081/repository/npm/color-convert/-/color-convert-2.0.1.tgz#72d3a68d598c9bdb3af2ad1e84f21d896abd4de3"
    integrity sha1-ctOmjVmMm9s68q0ehPIdiWq9TeM=
    dependencies:
      color-name "~1.1.4"
  
  color-name@~1.1.4:
    version "1.1.4"
    resolved "http://10.0.2.145:8081/repository/npm/color-name/-/color-name-1.1.4.tgz#c2a09a87acbde69543de6f63fa3995c826c536a2"
    integrity sha1-wqCah6y95pVD3m9j+jmVyCbFNqI=
  
  color-support@^1.1.2:
    version "1.1.3"
    resolved "http://10.0.2.145:8081/repository/npm/color-support/-/color-support-1.1.3.tgz#93834379a1cc9a0c61f82f52f0d04322251bd5a2"
    integrity sha1-k4NDeaHMmgxh+C9S8NBDIiUb1aI=
  
  combined-stream@^1.0.6, combined-stream@~1.0.6:
    version "1.0.8"
    resolved "http://10.0.2.145:8081/repository/npm/combined-stream/-/combined-stream-1.0.8.tgz#c3d45a8b34fd730631a110a8a2520682b31d5a7f"
    integrity sha1-w9RaizT9cwYxoRCoolIGgrMdWn8=
    dependencies:
      delayed-stream "~1.0.0"
  
  concat-map@0.0.1:
    version "0.0.1"
    resolved "http://10.0.2.145:8081/repository/npm/concat-map/-/concat-map-0.0.1.tgz#d8a96bd77fd68df7793a73036a3ba0d5405d477b"
    integrity sha1-2Klr13/Wjfd5OnMDajug1UBdR3s=
  
  console-control-strings@^1.0.0, console-control-strings@^1.1.0:
    version "1.1.0"
    resolved "http://10.0.2.145:8081/repository/npm/console-control-strings/-/console-control-strings-1.1.0.tgz#3d7cf4464db6446ea644bf4b39507f9851008e8e"
    integrity sha1-PXz0Rk22RG6mRL9LOVB/mFEAjo4=
  
  core-util-is@1.0.2:
    version "1.0.2"
    resolved "http://10.0.2.145:8081/repository/npm/core-util-is/-/core-util-is-1.0.2.tgz#b5fd54220aa2bc5ab57aab7140c940754503c1a7"
    integrity sha1-tf1UIgqivFq1eqtxQMlAdUUDwac=
  
  cross-env@^7.0.3:
    version "7.0.3"
    resolved "http://10.0.2.145:8081/repository/npm/cross-env/-/cross-env-7.0.3.tgz#865264b29677dc015ba8418918965dd232fc54cf"
    integrity sha1-hlJkspZ33AFbqEGJGJZd0jL8VM8=
    dependencies:
      cross-spawn "^7.0.1"
  
  cross-spawn@^7.0.1, cross-spawn@^7.0.2:
    version "7.0.3"
    resolved "http://10.0.2.145:8081/repository/npm/cross-spawn/-/cross-spawn-7.0.3.tgz#f73a85b9d5d41d045551c177e2882d4ac85728a6"
    integrity sha1-9zqFudXUHQRVUcF34ogtSshXKKY=
    dependencies:
      path-key "^3.1.0"
      shebang-command "^2.0.0"
      which "^2.0.1"
  
  cssom@^0.4.1:
    version "0.4.4"
    resolved "http://10.0.2.145:8081/repository/npm/cssom/-/cssom-0.4.4.tgz#5a66cf93d2d0b661d80bf6a44fb65f5c2e4e0a10"
    integrity sha1-WmbPk9LQtmHYC/akT7ZfXC5OChA=
  
  cssom@~0.3.6:
    version "0.3.8"
    resolved "http://10.0.2.145:8081/repository/npm/cssom/-/cssom-0.3.8.tgz#9f1276f5b2b463f2114d3f2c75250af8c1a36f4a"
    integrity sha1-nxJ29bK0Y/IRTT8sdSUK+MGjb0o=
  
  cssstyle@^2.0.0:
    version "2.3.0"
    resolved "http://10.0.2.145:8081/repository/npm/cssstyle/-/cssstyle-2.3.0.tgz#ff665a0ddbdc31864b09647f34163443d90b0852"
    integrity sha1-/2ZaDdvcMYZLCWR/NBY0Q9kLCFI=
    dependencies:
      cssom "~0.3.6"
  
  dashdash@^1.12.0:
    version "1.14.1"
    resolved "http://10.0.2.145:8081/repository/npm/dashdash/-/dashdash-1.14.1.tgz#853cfa0f7cbe2fed5de20326b8dd581035f6e2f0"
    integrity sha1-hTz6D3y+L+1d4gMmuN1YEDX24vA=
    dependencies:
      assert-plus "^1.0.0"
  
  data-urls@^1.1.0:
    version "1.1.0"
    resolved "http://10.0.2.145:8081/repository/npm/data-urls/-/data-urls-1.1.0.tgz#15ee0582baa5e22bb59c77140da8f9c76963bbfe"
    integrity sha1-Fe4Fgrql4iu1nHcUDaj5x2lju/4=
    dependencies:
      abab "^2.0.0"
      whatwg-mimetype "^2.2.0"
      whatwg-url "^7.0.0"
  
  debug@4, debug@^4.1.1, debug@^4.3.2:
    version "4.3.2"
    resolved "http://10.0.2.145:8081/repository/npm/debug/-/debug-4.3.2.tgz#f0a49c18ac8779e31d4a0c6029dfb76873c7428b"
    integrity sha1-8KScGKyHeeMdSgxgKd+3aHPHQos=
    dependencies:
      ms "2.1.2"
  
  decompress-response@^4.2.0:
    version "4.2.1"
    resolved "http://10.0.2.145:8081/repository/npm/decompress-response/-/decompress-response-4.2.1.tgz#414023cc7a302da25ce2ec82d0d5238ccafd8986"
    integrity sha1-QUAjzHowLaJc4uyC0NUjjMr9iYY=
    dependencies:
      mimic-response "^2.0.0"
  
  deep-is@^0.1.3, deep-is@~0.1.3:
    version "0.1.4"
    resolved "http://10.0.2.145:8081/repository/npm/deep-is/-/deep-is-0.1.4.tgz#a6f2dce612fadd2ef1f519b73551f17e85199831"
    integrity sha1-pvLc5hL63S7x9Rm3NVHxfoUZmDE=
  
  delayed-stream@~1.0.0:
    version "1.0.0"
    resolved "http://10.0.2.145:8081/repository/npm/delayed-stream/-/delayed-stream-1.0.0.tgz#df3ae199acadfb7d440aaae0b29e2272b24ec619"
    integrity sha1-3zrhmayt+31ECqrgsp4icrJOxhk=
  
  delegates@^1.0.0:
    version "1.0.0"
    resolved "http://10.0.2.145:8081/repository/npm/delegates/-/delegates-1.0.0.tgz#84c6e159b81904fdca59a0ef44cd870d31250f9a"
    integrity sha1-hMbhWbgZBP3KWaDvRM2HDTElD5o=
  
  detect-libc@^1.0.3:
    version "1.0.3"
    resolved "http://10.0.2.145:8081/repository/npm/detect-libc/-/detect-libc-1.0.3.tgz#fa137c4bd698edf55cd5cd02ac559f91a4c4ba9b"
    integrity sha1-+hN8S9aY7fVc1c0CrFWfkaTEups=
  
  dir-glob@^3.0.1:
    version "3.0.1"
    resolved "http://10.0.2.145:8081/repository/npm/dir-glob/-/dir-glob-3.0.1.tgz#56dbf73d992a4a93ba1584f4534063fd2e41717f"
    integrity sha1-Vtv3PZkqSpO6FYT0U0Bj/S5BcX8=
    dependencies:
      path-type "^4.0.0"
  
  doctrine@^3.0.0:
    version "3.0.0"
    resolved "http://10.0.2.145:8081/repository/npm/doctrine/-/doctrine-3.0.0.tgz#addebead72a6574db783639dc87a121773973961"
    integrity sha1-rd6+rXKmV023g2OdyHoSF3OXOWE=
    dependencies:
      esutils "^2.0.2"
  
  domexception@^1.0.1:
    version "1.0.1"
    resolved "http://10.0.2.145:8081/repository/npm/domexception/-/domexception-1.0.1.tgz#937442644ca6a31261ef36e3ec677fe805582c90"
    integrity sha1-k3RCZEymoxJh7zbj7Gd/6AVYLJA=
    dependencies:
      webidl-conversions "^4.0.2"
  
  ecc-jsbn@~0.1.1:
    version "0.1.2"
    resolved "http://10.0.2.145:8081/repository/npm/ecc-jsbn/-/ecc-jsbn-0.1.2.tgz#3a83a904e54353287874c564b7549386849a98c9"
    integrity sha1-OoOpBOVDUyh4dMVkt1SThoSamMk=
    dependencies:
      jsbn "~0.1.0"
      safer-buffer "^2.1.0"
  
  emoji-regex@^8.0.0:
    version "8.0.0"
    resolved "http://10.0.2.145:8081/repository/npm/emoji-regex/-/emoji-regex-8.0.0.tgz#e818fd69ce5ccfcb404594f842963bf53164cc37"
    integrity sha1-6Bj9ac5cz8tARZT4QpY79TFkzDc=
  
  enquirer@^2.3.5:
    version "2.3.6"
    resolved "http://10.0.2.145:8081/repository/npm/enquirer/-/enquirer-2.3.6.tgz#2a7fe5dd634a1e4125a975ec994ff5456dc3734d"
    integrity sha1-Kn/l3WNKHkElqXXsmU/1RW3Dc00=
    dependencies:
      ansi-colors "^4.1.1"
  
  esbuild-android-arm64@0.13.9:
    version "0.13.9"
    resolved "http://10.0.2.145:8081/repository/npm/esbuild-android-arm64/-/esbuild-android-arm64-0.13.9.tgz#6cc4a0c623332c0830a311ddd8242b1f496ff940"
    integrity sha1-bMSgxiMzLAgwoxHd2CQrH0lv+UA=
  
  esbuild-darwin-64@0.13.9:
    version "0.13.9"
    resolved "http://10.0.2.145:8081/repository/npm/esbuild-darwin-64/-/esbuild-darwin-64-0.13.9.tgz#df44297c2438032cda2b21548a82bb007e2105cc"
    integrity sha1-30QpfCQ4AyzaKyFUioK7AH4hBcw=
  
  esbuild-darwin-arm64@0.13.9:
    version "0.13.9"
    resolved "http://10.0.2.145:8081/repository/npm/esbuild-darwin-arm64/-/esbuild-darwin-arm64-0.13.9.tgz#704ef404a6a38eda190d40ed354e7f2c1c839081"
    integrity sha1-cE70BKajjtoZDUDtNU5/LByDkIE=
  
  esbuild-freebsd-64@0.13.9:
    version "0.13.9"
    resolved "http://10.0.2.145:8081/repository/npm/esbuild-freebsd-64/-/esbuild-freebsd-64-0.13.9.tgz#fbbf22c99e15f27d0f8a1a040d7961a86f0d3a4e"
    integrity sha1-+78iyZ4V8n0PihoEDXlhqG8NOk4=
  
  esbuild-freebsd-arm64@0.13.9:
    version "0.13.9"
    resolved "http://10.0.2.145:8081/repository/npm/esbuild-freebsd-arm64/-/esbuild-freebsd-arm64-0.13.9.tgz#809fff4c43653dbbf071ffce9f80a030b278098e"
    integrity sha1-gJ//TENlPbvwcf/On4CgMLJ4CY4=
  
  esbuild-linux-32@0.13.9:
    version "0.13.9"
    resolved "http://10.0.2.145:8081/repository/npm/esbuild-linux-32/-/esbuild-linux-32-0.13.9.tgz#f9fd3423481e51674e9817d5eea25689889a5f5a"
    integrity sha1-+f00I0geUWdOmBfV7qJWiYiaX1o=
  
  esbuild-linux-64@0.13.9:
    version "0.13.9"
    resolved "http://10.0.2.145:8081/repository/npm/esbuild-linux-64/-/esbuild-linux-64-0.13.9.tgz#9d7f66866dae1abaff7cbc3749f2847d5fb72fd5"
    integrity sha1-nX9mhm2uGrr/fLw3SfKEfV+3L9U=
  
  esbuild-linux-arm64@0.13.9:
    version "0.13.9"
    resolved "http://10.0.2.145:8081/repository/npm/esbuild-linux-arm64/-/esbuild-linux-arm64-0.13.9.tgz#669202e71b9ced4d285bfd1d69de948e013ac28f"
    integrity sha1-ZpIC5xuc7U0oW/0dad6UjgE6wo8=
  
  esbuild-linux-arm@0.13.9:
    version "0.13.9"
    resolved "http://10.0.2.145:8081/repository/npm/esbuild-linux-arm/-/esbuild-linux-arm-0.13.9.tgz#c3ceb56ec0e3dbd1a3a89dca6cb7fc0ca360bcc8"
    integrity sha1-w861bsDj29GjqJ3KbLf8DKNgvMg=
  
  esbuild-linux-mips64le@0.13.9:
    version "0.13.9"
    resolved "http://10.0.2.145:8081/repository/npm/esbuild-linux-mips64le/-/esbuild-linux-mips64le-0.13.9.tgz#bf4bd389ee14b67c5c77669952f2de6b2cc8a003"
    integrity sha1-v0vTie4Utnxcd2aZUvLeayzIoAM=
  
  esbuild-linux-ppc64le@0.13.9:
    version "0.13.9"
    resolved "http://10.0.2.145:8081/repository/npm/esbuild-linux-ppc64le/-/esbuild-linux-ppc64le-0.13.9.tgz#465b7bdc70577da606b3b5d463028292b6d834ad"
    integrity sha1-Rlt73HBXfaYGs7XUYwKCkrbYNK0=
  
  esbuild-netbsd-64@0.13.9:
    version "0.13.9"
    resolved "http://10.0.2.145:8081/repository/npm/esbuild-netbsd-64/-/esbuild-netbsd-64-0.13.9.tgz#94f2dabe83520066cc1e1fae3ecff78695a8ebb1"
    integrity sha1-lPLavoNSAGbMHh+uPs/3hpWo67E=
  
  esbuild-openbsd-64@0.13.9:
    version "0.13.9"
    resolved "http://10.0.2.145:8081/repository/npm/esbuild-openbsd-64/-/esbuild-openbsd-64-0.13.9.tgz#b47f6a641ca37358aeedb2b7c4bb73dd0682c6d5"
    integrity sha1-tH9qZByjc1iu7bK3xLtz3QaCxtU=
  
  esbuild-sunos-64@0.13.9:
    version "0.13.9"
    resolved "http://10.0.2.145:8081/repository/npm/esbuild-sunos-64/-/esbuild-sunos-64-0.13.9.tgz#b0df4a316b7c98eb490f4bd0db381cf2c391ae73"
    integrity sha1-sN9KMWt8mOtJD0vQ2zgc8sORrnM=
  
  esbuild-windows-32@0.13.9:
    version "0.13.9"
    resolved "http://10.0.2.145:8081/repository/npm/esbuild-windows-32/-/esbuild-windows-32-0.13.9.tgz#e229563e134e634f9748cc8315c691e2013259ef"
    integrity sha1-4ilWPhNOY0+XSMyDFcaR4gEyWe8=
  
  esbuild-windows-64@0.13.9:
    version "0.13.9"
    resolved "http://10.0.2.145:8081/repository/npm/esbuild-windows-64/-/esbuild-windows-64-0.13.9.tgz#103ad3f13e1a0e44934b91f358e81dd201b86b34"
    integrity sha1-EDrT8T4aDkSTS5HzWOgd0gG4azQ=
  
  esbuild-windows-arm64@0.13.9:
    version "0.13.9"
    resolved "http://10.0.2.145:8081/repository/npm/esbuild-windows-arm64/-/esbuild-windows-arm64-0.13.9.tgz#545bb58848008258b339b1b00fcfe92c85bc7251"
    integrity sha1-VFu1iEgAglizObGwD8/pLIW8clE=
  
  esbuild@^0.13.2:
    version "0.13.9"
    resolved "http://10.0.2.145:8081/repository/npm/esbuild/-/esbuild-0.13.9.tgz#aafc4b3375ac443ae7b223c26c4e58d10d2d535b"
    integrity sha1-qvxLM3WsRDrnsiPCbE5Y0Q0tU1s=
    optionalDependencies:
      esbuild-android-arm64 "0.13.9"
      esbuild-darwin-64 "0.13.9"
      esbuild-darwin-arm64 "0.13.9"
      esbuild-freebsd-64 "0.13.9"
      esbuild-freebsd-arm64 "0.13.9"
      esbuild-linux-32 "0.13.9"
      esbuild-linux-64 "0.13.9"
      esbuild-linux-arm "0.13.9"
      esbuild-linux-arm64 "0.13.9"
      esbuild-linux-mips64le "0.13.9"
      esbuild-linux-ppc64le "0.13.9"
      esbuild-netbsd-64 "0.13.9"
      esbuild-openbsd-64 "0.13.9"
      esbuild-sunos-64 "0.13.9"
      esbuild-windows-32 "0.13.9"
      esbuild-windows-64 "0.13.9"
      esbuild-windows-arm64 "0.13.9"
  
  escape-string-regexp@^4.0.0:
    version "4.0.0"
    resolved "http://10.0.2.145:8081/repository/npm/escape-string-regexp/-/escape-string-regexp-4.0.0.tgz#14ba83a5d373e3d311e5afca29cf5bfad965bf34"
    integrity sha1-FLqDpdNz49MR5a/KKc9b+tllvzQ=
  
  escodegen@^1.11.1:
    version "1.14.3"
    resolved "http://10.0.2.145:8081/repository/npm/escodegen/-/escodegen-1.14.3.tgz#4e7b81fba61581dc97582ed78cab7f0e8d63f503"
    integrity sha1-TnuB+6YVgdyXWC7XjKt/Do1j9QM=
    dependencies:
      esprima "^4.0.1"
      estraverse "^4.2.0"
      esutils "^2.0.2"
      optionator "^0.8.1"
    optionalDependencies:
      source-map "~0.6.1"
  
  eslint-config-prettier@^8.3.0:
    version "8.3.0"
    resolved "http://10.0.2.145:8081/repository/npm/eslint-config-prettier/-/eslint-config-prettier-8.3.0.tgz#f7471b20b6fe8a9a9254cc684454202886a2dd7a"
    integrity sha1-90cbILb+ipqSVMxoRFQgKIai3Xo=
  
  eslint-scope@^5.1.1:
    version "5.1.1"
    resolved "http://10.0.2.145:8081/repository/npm/eslint-scope/-/eslint-scope-5.1.1.tgz#e786e59a66cb92b3f6c1fb0d508aab174848f48c"
    integrity sha1-54blmmbLkrP2wfsNUIqrF0hI9Iw=
    dependencies:
      esrecurse "^4.3.0"
      estraverse "^4.1.1"
  
  eslint-scope@^6.0.0:
    version "6.0.0"
    resolved "http://10.0.2.145:8081/repository/npm/eslint-scope/-/eslint-scope-6.0.0.tgz#9cf45b13c5ac8f3d4c50f46a5121f61b3e318978"
    integrity sha1-nPRbE8Wsjz1MUPRqUSH2Gz4xiXg=
    dependencies:
      esrecurse "^4.3.0"
      estraverse "^5.2.0"
  
  eslint-utils@^3.0.0:
    version "3.0.0"
    resolved "http://10.0.2.145:8081/repository/npm/eslint-utils/-/eslint-utils-3.0.0.tgz#8aebaface7345bb33559db0a1f13a1d2d48c3672"
    integrity sha1-iuuvrOc0W7M1WdsKHxOh0tSMNnI=
    dependencies:
      eslint-visitor-keys "^2.0.0"
  
  eslint-visitor-keys@^2.0.0:
    version "2.1.0"
    resolved "http://10.0.2.145:8081/repository/npm/eslint-visitor-keys/-/eslint-visitor-keys-2.1.0.tgz#f65328259305927392c938ed44eb0a5c9b2bd303"
    integrity sha1-9lMoJZMFknOSyTjtROsKXJsr0wM=
  
  eslint-visitor-keys@^3.0.0:
    version "3.0.0"
    resolved "http://10.0.2.145:8081/repository/npm/eslint-visitor-keys/-/eslint-visitor-keys-3.0.0.tgz#e32e99c6cdc2eb063f204eda5db67bfe58bb4186"
    integrity sha1-4y6Zxs3C6wY/IE7aXbZ7/li7QYY=
  
  eslint@^8.1.0:
    version "8.1.0"
    resolved "http://10.0.2.145:8081/repository/npm/eslint/-/eslint-8.1.0.tgz#00f1f7dbf4134f26588e6c9f2efe970760f64664"
    integrity sha1-APH32/QTTyZYjmyfLv6XB2D2RmQ=
    dependencies:
      "@eslint/eslintrc" "^1.0.3"
      "@humanwhocodes/config-array" "^0.6.0"
      ajv "^6.10.0"
      chalk "^4.0.0"
      cross-spawn "^7.0.2"
      debug "^4.3.2"
      doctrine "^3.0.0"
      enquirer "^2.3.5"
      escape-string-regexp "^4.0.0"
      eslint-scope "^6.0.0"
      eslint-utils "^3.0.0"
      eslint-visitor-keys "^3.0.0"
      espree "^9.0.0"
      esquery "^1.4.0"
      esutils "^2.0.2"
      fast-deep-equal "^3.1.3"
      file-entry-cache "^6.0.1"
      functional-red-black-tree "^1.0.1"
      glob-parent "^6.0.1"
      globals "^13.6.0"
      ignore "^4.0.6"
      import-fresh "^3.0.0"
      imurmurhash "^0.1.4"
      is-glob "^4.0.0"
      js-yaml "^4.1.0"
      json-stable-stringify-without-jsonify "^1.0.1"
      levn "^0.4.1"
      lodash.merge "^4.6.2"
      minimatch "^3.0.4"
      natural-compare "^1.4.0"
      optionator "^0.9.1"
      progress "^2.0.0"
      regexpp "^3.2.0"
      semver "^7.2.1"
      strip-ansi "^6.0.0"
      strip-json-comments "^3.1.0"
      text-table "^0.2.0"
      v8-compile-cache "^2.0.3"
  
  espree@^9.0.0:
    version "9.0.0"
    resolved "http://10.0.2.145:8081/repository/npm/espree/-/espree-9.0.0.tgz#e90a2965698228502e771c7a58489b1a9d107090"
    integrity sha1-6QopZWmCKFAudxx6WEibGp0QcJA=
    dependencies:
      acorn "^8.5.0"
      acorn-jsx "^5.3.1"
      eslint-visitor-keys "^3.0.0"
  
  esprima@^4.0.0, esprima@^4.0.1:
    version "4.0.1"
    resolved "http://10.0.2.145:8081/repository/npm/esprima/-/esprima-4.0.1.tgz#13b04cdb3e6c5d19df91ab6987a8695619b0aa71"
    integrity sha1-E7BM2z5sXRnfkatph6hpVhmwqnE=
  
  esquery@^1.4.0:
    version "1.4.0"
    resolved "http://10.0.2.145:8081/repository/npm/esquery/-/esquery-1.4.0.tgz#2148ffc38b82e8c7057dfed48425b3e61f0f24a5"
    integrity sha1-IUj/w4uC6McFff7UhCWz5h8PJKU=
    dependencies:
      estraverse "^5.1.0"
  
  esrecurse@^4.3.0:
    version "4.3.0"
    resolved "http://10.0.2.145:8081/repository/npm/esrecurse/-/esrecurse-4.3.0.tgz#7ad7964d679abb28bee72cec63758b1c5d2c9921"
    integrity sha1-eteWTWeauyi+5yzsY3WLHF0smSE=
    dependencies:
      estraverse "^5.2.0"
  
  estraverse@^4.1.1, estraverse@^4.2.0:
    version "4.3.0"
    resolved "http://10.0.2.145:8081/repository/npm/estraverse/-/estraverse-4.3.0.tgz#398ad3f3c5a24948be7725e83d11a7de28cdbd1d"
    integrity sha1-OYrT88WiSUi+dyXoPRGn3ijNvR0=
  
  estraverse@^5.1.0, estraverse@^5.2.0:
    version "5.3.0"
    resolved "http://10.0.2.145:8081/repository/npm/estraverse/-/estraverse-5.3.0.tgz#2eea5290702f26ab8fe5370370ff86c965d21123"
    integrity sha1-LupSkHAvJquP5TcDcP+GyWXSESM=
  
  esutils@^2.0.2:
    version "2.0.3"
    resolved "http://10.0.2.145:8081/repository/npm/esutils/-/esutils-2.0.3.tgz#74d2eb4de0b8da1293711910d50775b9b710ef64"
    integrity sha1-dNLrTeC42hKTcRkQ1Qd1ubcQ72Q=
  
  extend@~3.0.2:
    version "3.0.2"
    resolved "http://10.0.2.145:8081/repository/npm/extend/-/extend-3.0.2.tgz#f8b1136b4071fbd8eb140aff858b1019ec2915fa"
    integrity sha1-+LETa0Bx+9jrFAr/hYsQGewpFfo=
  
  extsprintf@1.3.0:
    version "1.3.0"
    resolved "http://10.0.2.145:8081/repository/npm/extsprintf/-/extsprintf-1.3.0.tgz#96918440e3041a7a414f8c52e3c574eb3c3e1e05"
    integrity sha1-lpGEQOMEGnpBT4xS48V06zw+HgU=
  
  extsprintf@^1.2.0:
    version "1.4.0"
    resolved "http://10.0.2.145:8081/repository/npm/extsprintf/-/extsprintf-1.4.0.tgz#e2689f8f356fad62cca65a3a91c5df5f9551692f"
    integrity sha1-4mifjzVvrWLMplo6kcXfX5VRaS8=
  
  fabric@^4.6.0:
    version "4.6.0"
    resolved "http://10.0.2.145:8081/repository/npm/fabric/-/fabric-4.6.0.tgz#bd11c2baf165db2c97e4d05740d931586cb26bbb"
    integrity sha1-vRHCuvFl2yyX5NBXQNkxWGyya7s=
    optionalDependencies:
      canvas "^2.6.1"
      jsdom "^15.2.1"
  
  fast-deep-equal@^3.1.1, fast-deep-equal@^3.1.3:
    version "3.1.3"
    resolved "http://10.0.2.145:8081/repository/npm/fast-deep-equal/-/fast-deep-equal-3.1.3.tgz#3a7d56b559d6cbc3eb512325244e619a65c6c525"
    integrity sha1-On1WtVnWy8PrUSMlJE5hmmXGxSU=
  
  fast-glob@^3.1.1:
    version "3.2.7"
    resolved "http://10.0.2.145:8081/repository/npm/fast-glob/-/fast-glob-3.2.7.tgz#fd6cb7a2d7e9aa7a7846111e85a196d6b2f766a1"
    integrity sha1-/Wy3otfpqnp4RhEehaGW1rL3ZqE=
    dependencies:
      "@nodelib/fs.stat" "^2.0.2"
      "@nodelib/fs.walk" "^1.2.3"
      glob-parent "^5.1.2"
      merge2 "^1.3.0"
      micromatch "^4.0.4"
  
  fast-json-stable-stringify@^2.0.0:
    version "2.1.0"
    resolved "http://10.0.2.145:8081/repository/npm/fast-json-stable-stringify/-/fast-json-stable-stringify-2.1.0.tgz#874bf69c6f404c2b5d99c481341399fd55892633"
    integrity sha1-h0v2nG9ATCtdmcSBNBOZ/VWJJjM=
  
  fast-levenshtein@^2.0.6, fast-levenshtein@~2.0.6:
    version "2.0.6"
    resolved "http://10.0.2.145:8081/repository/npm/fast-levenshtein/-/fast-levenshtein-2.0.6.tgz#3d8a5c66883a16a30ca8643e851f19baa7797917"
    integrity sha1-PYpcZog6FqMMqGQ+hR8Zuqd5eRc=
  
  fastq@^1.6.0:
    version "1.13.0"
    resolved "http://10.0.2.145:8081/repository/npm/fastq/-/fastq-1.13.0.tgz#616760f88a7526bdfc596b7cab8c18938c36b98c"
    integrity sha1-YWdg+Ip1Jr38WWt8q4wYk4w2uYw=
    dependencies:
      reusify "^1.0.4"
  
  file-entry-cache@^6.0.1:
    version "6.0.1"
    resolved "http://10.0.2.145:8081/repository/npm/file-entry-cache/-/file-entry-cache-6.0.1.tgz#211b2dd9659cb0394b073e7323ac3c933d522027"
    integrity sha1-IRst2WWcsDlLBz5zI6w8kz1SICc=
    dependencies:
      flat-cache "^3.0.4"
  
  fill-range@^7.0.1:
    version "7.0.1"
    resolved "http://10.0.2.145:8081/repository/npm/fill-range/-/fill-range-7.0.1.tgz#1919a6a7c75fe38b2c7c77e5198535da9acdda40"
    integrity sha1-GRmmp8df44ssfHflGYU12prN2kA=
    dependencies:
      to-regex-range "^5.0.1"
  
  flat-cache@^3.0.4:
    version "3.0.4"
    resolved "http://10.0.2.145:8081/repository/npm/flat-cache/-/flat-cache-3.0.4.tgz#61b0338302b2fe9f957dcc32fc2a87f1c3048b11"
    integrity sha1-YbAzgwKy/p+Vfcwy/CqH8cMEixE=
    dependencies:
      flatted "^3.1.0"
      rimraf "^3.0.2"
  
  flatted@^3.1.0:
    version "3.2.2"
    resolved "http://10.0.2.145:8081/repository/npm/flatted/-/flatted-3.2.2.tgz#64bfed5cb68fe3ca78b3eb214ad97b63bedce561"
    integrity sha1-ZL/tXLaP48p4s+shStl7Y77c5WE=
  
  forever-agent@~0.6.1:
    version "0.6.1"
    resolved "http://10.0.2.145:8081/repository/npm/forever-agent/-/forever-agent-0.6.1.tgz#fbc71f0c41adeb37f96c577ad1ed42d8fdacca91"
    integrity sha1-+8cfDEGt6zf5bFd60e1C2P2sypE=
  
  form-data@~2.3.2:
    version "2.3.3"
    resolved "http://10.0.2.145:8081/repository/npm/form-data/-/form-data-2.3.3.tgz#dcce52c05f644f298c6a7ab936bd724ceffbf3a6"
    integrity sha1-3M5SwF9kTymManq5Nr1yTO/786Y=
    dependencies:
      asynckit "^0.4.0"
      combined-stream "^1.0.6"
      mime-types "^2.1.12"
  
  fs-minipass@^2.0.0:
    version "2.1.0"
    resolved "http://10.0.2.145:8081/repository/npm/fs-minipass/-/fs-minipass-2.1.0.tgz#7f5036fdbf12c63c169190cbe4199c852271f9fb"
    integrity sha1-f1A2/b8SxjwWkZDL5BmchSJx+fs=
    dependencies:
      minipass "^3.0.0"
  
  fs.realpath@^1.0.0:
    version "1.0.0"
    resolved "http://10.0.2.145:8081/repository/npm/fs.realpath/-/fs.realpath-1.0.0.tgz#1504ad2523158caa40db4a2787cb01411994ea4f"
    integrity sha1-FQStJSMVjKpA20onh8sBQRmU6k8=
  
  fsevents@~2.3.2:
    version "2.3.2"
    resolved "http://10.0.2.145:8081/repository/npm/fsevents/-/fsevents-2.3.2.tgz#8a526f78b8fdf4623b709e0b975c52c24c02fd1a"
    integrity sha1-ilJveLj99GI7cJ4Ll1xSwkwC/Ro=
  
  function-bind@^1.1.1:
    version "1.1.1"
    resolved "http://10.0.2.145:8081/repository/npm/function-bind/-/function-bind-1.1.1.tgz#a56899d3ea3c9bab874bb9773b7c5ede92f4895d"
    integrity sha1-pWiZ0+o8m6uHS7l3O3xe3pL0iV0=
  
  functional-red-black-tree@^1.0.1:
    version "1.0.1"
    resolved "http://10.0.2.145:8081/repository/npm/functional-red-black-tree/-/functional-red-black-tree-1.0.1.tgz#1b0ab3bd553b2a0d6399d29c0e3ea0b252078327"
    integrity sha1-GwqzvVU7Kg1jmdKcDj6gslIHgyc=
  
  gauge@^3.0.0:
    version "3.0.1"
    resolved "http://10.0.2.145:8081/repository/npm/gauge/-/gauge-3.0.1.tgz#4bea07bcde3782f06dced8950e51307aa0f4a346"
    integrity sha1-S+oHvN43gvBtztiVDlEweqD0o0Y=
    dependencies:
      aproba "^1.0.3 || ^2.0.0"
      color-support "^1.1.2"
      console-control-strings "^1.0.0"
      has-unicode "^2.0.1"
      object-assign "^4.1.1"
      signal-exit "^3.0.0"
      string-width "^1.0.1 || ^2.0.0"
      strip-ansi "^3.0.1 || ^4.0.0"
      wide-align "^1.1.2"
  
  getpass@^0.1.1:
    version "0.1.7"
    resolved "http://10.0.2.145:8081/repository/npm/getpass/-/getpass-0.1.7.tgz#5eff8e3e684d569ae4cb2b1282604e8ba62149fa"
    integrity sha1-Xv+OPmhNVprkyysSgmBOi6YhSfo=
    dependencies:
      assert-plus "^1.0.0"
  
  glob-parent@^5.1.2:
    version "5.1.2"
    resolved "http://10.0.2.145:8081/repository/npm/glob-parent/-/glob-parent-5.1.2.tgz#869832c58034fe68a4093c17dc15e8340d8401c4"
    integrity sha1-hpgyxYA0/mikCTwX3BXoNA2EAcQ=
    dependencies:
      is-glob "^4.0.1"
  
  glob-parent@^6.0.1:
    version "6.0.2"
    resolved "http://10.0.2.145:8081/repository/npm/glob-parent/-/glob-parent-6.0.2.tgz#6d237d99083950c79290f24c7642a3de9a28f9e3"
    integrity sha1-bSN9mQg5UMeSkPJMdkKj3poo+eM=
    dependencies:
      is-glob "^4.0.3"
  
  glob@^7.1.3:
    version "7.2.0"
    resolved "http://10.0.2.145:8081/repository/npm/glob/-/glob-7.2.0.tgz#d15535af7732e02e948f4c41628bd910293f6023"
    integrity sha1-0VU1r3cy4C6Uj0xBYovZECk/YCM=
    dependencies:
      fs.realpath "^1.0.0"
      inflight "^1.0.4"
      inherits "2"
      minimatch "^3.0.4"
      once "^1.3.0"
      path-is-absolute "^1.0.0"
  
  globals@^13.6.0, globals@^13.9.0:
    version "13.11.0"
    resolved "http://10.0.2.145:8081/repository/npm/globals/-/globals-13.11.0.tgz#40ef678da117fe7bd2e28f1fab24951bd0255be7"
    integrity sha1-QO9njaEX/nvS4o8fqySVG9AlW+c=
    dependencies:
      type-fest "^0.20.2"
  
  globby@^11.0.4:
    version "11.0.4"
    resolved "http://10.0.2.145:8081/repository/npm/globby/-/globby-11.0.4.tgz#2cbaff77c2f2a62e71e9b2813a67b97a3a3001a5"
    integrity sha1-LLr/d8Lypi5x6bKBOme5ejowAaU=
    dependencies:
      array-union "^2.1.0"
      dir-glob "^3.0.1"
      fast-glob "^3.1.1"
      ignore "^5.1.4"
      merge2 "^1.3.0"
      slash "^3.0.0"
  
  graham_scan@^1.0.4:
    version "1.0.4"
    resolved "http://10.0.2.145:8081/repository/npm/graham_scan/-/graham_scan-1.0.4.tgz#399651dd1f8353e1880f59ea8e5f94b9df4c928a"
    integrity sha1-OZZR3R+DU+GID1nqjl+Uud9Mkoo=
  
  har-schema@^2.0.0:
    version "2.0.0"
    resolved "http://10.0.2.145:8081/repository/npm/har-schema/-/har-schema-2.0.0.tgz#a94c2224ebcac04782a0d9035521f24735b7ec92"
    integrity sha1-qUwiJOvKwEeCoNkDVSHyRzW37JI=
  
  har-validator@~5.1.3:
    version "5.1.5"
    resolved "http://10.0.2.145:8081/repository/npm/har-validator/-/har-validator-5.1.5.tgz#1f0803b9f8cb20c0fa13822df1ecddb36bde1efd"
    integrity sha1-HwgDufjLIMD6E4It8ezds2veHv0=
    dependencies:
      ajv "^6.12.3"
      har-schema "^2.0.0"
  
  has-flag@^4.0.0:
    version "4.0.0"
    resolved "http://10.0.2.145:8081/repository/npm/has-flag/-/has-flag-4.0.0.tgz#944771fd9c81c81265c4d6941860da06bb59479b"
    integrity sha1-lEdx/ZyByBJlxNaUGGDaBrtZR5s=
  
  has-unicode@^2.0.1:
    version "2.0.1"
    resolved "http://10.0.2.145:8081/repository/npm/has-unicode/-/has-unicode-2.0.1.tgz#e0e6fe6a28cf51138855e086d1691e771de2a8b9"
    integrity sha1-4Ob+aijPUROIVeCG0Wkedx3iqLk=
  
  has@^1.0.3:
    version "1.0.3"
    resolved "http://10.0.2.145:8081/repository/npm/has/-/has-1.0.3.tgz#722d7cbfc1f6aa8241f16dd814e011e1f41e8796"
    integrity sha1-ci18v8H2qoJB8W3YFOAR4fQeh5Y=
    dependencies:
      function-bind "^1.1.1"
  
  html-encoding-sniffer@^1.0.2:
    version "1.0.2"
    resolved "http://10.0.2.145:8081/repository/npm/html-encoding-sniffer/-/html-encoding-sniffer-1.0.2.tgz#e70d84b94da53aa375e11fe3a351be6642ca46f8"
    integrity sha1-5w2EuU2lOqN14R/jo1G+ZkLKRvg=
    dependencies:
      whatwg-encoding "^1.0.1"
  
  http-signature@~1.2.0:
    version "1.2.0"
    resolved "http://10.0.2.145:8081/repository/npm/http-signature/-/http-signature-1.2.0.tgz#9aecd925114772f3d95b65a60abb8f7c18fbace1"
    integrity sha1-muzZJRFHcvPZW2WmCruPfBj7rOE=
    dependencies:
      assert-plus "^1.0.0"
      jsprim "^1.2.2"
      sshpk "^1.7.0"
  
  https-proxy-agent@^5.0.0:
    version "5.0.0"
    resolved "http://10.0.2.145:8081/repository/npm/https-proxy-agent/-/https-proxy-agent-5.0.0.tgz#e2a90542abb68a762e0a0850f6c9edadfd8506b2"
    integrity sha1-4qkFQqu2inYuCghQ9sntrf2FBrI=
    dependencies:
      agent-base "6"
      debug "4"
  
  iconv-lite@0.4.24:
    version "0.4.24"
    resolved "http://10.0.2.145:8081/repository/npm/iconv-lite/-/iconv-lite-0.4.24.tgz#2022b4b25fbddc21d2f524974a474aafe733908b"
    integrity sha1-ICK0sl+93CHS9SSXSkdKr+czkIs=
    dependencies:
      safer-buffer ">= 2.1.2 < 3"
  
  ignore@^4.0.6:
    version "4.0.6"
    resolved "http://10.0.2.145:8081/repository/npm/ignore/-/ignore-4.0.6.tgz#750e3db5862087b4737ebac8207ffd1ef27b25fc"
    integrity sha1-dQ49tYYgh7RzfrrIIH/9HvJ7Jfw=
  
  ignore@^5.1.4, ignore@^5.1.8:
    version "5.1.8"
    resolved "http://10.0.2.145:8081/repository/npm/ignore/-/ignore-5.1.8.tgz#f150a8b50a34289b33e22f5889abd4d8016f0e57"
    integrity sha1-8VCotQo0KJsz4i9YiavU2AFvDlc=
  
  immer@~9.0.5:
    version "9.0.6"
    resolved "http://10.0.2.145:8081/repository/npm/immer/-/immer-9.0.6.tgz#7a96bf2674d06c8143e327cbf73539388ddf1a73"
    integrity sha1-epa/JnTQbIFD4yfL9zU5OI3fGnM=
  
  import-fresh@^3.0.0, import-fresh@^3.2.1:
    version "3.3.0"
    resolved "http://10.0.2.145:8081/repository/npm/import-fresh/-/import-fresh-3.3.0.tgz#37162c25fcb9ebaa2e6e53d5b4d88ce17d9e0c2b"
    integrity sha1-NxYsJfy566oublPVtNiM4X2eDCs=
    dependencies:
      parent-module "^1.0.0"
      resolve-from "^4.0.0"
  
  imurmurhash@^0.1.4:
    version "0.1.4"
    resolved "http://10.0.2.145:8081/repository/npm/imurmurhash/-/imurmurhash-0.1.4.tgz#9218b9b2b928a238b13dc4fb6b6d576f231453ea"
    integrity sha1-khi5srkoojixPcT7a21XbyMUU+o=
  
  inflight@^1.0.4:
    version "1.0.6"
    resolved "http://10.0.2.145:8081/repository/npm/inflight/-/inflight-1.0.6.tgz#49bd6331d7d02d0c09bc910a1075ba8165b56df9"
    integrity sha1-Sb1jMdfQLQwJvJEKEHW6gWW1bfk=
    dependencies:
      once "^1.3.0"
      wrappy "1"
  
  inherits@2, inherits@^2.0.3:
    version "2.0.4"
    resolved "http://10.0.2.145:8081/repository/npm/inherits/-/inherits-2.0.4.tgz#0fa2c64f932917c3433a0ded55363aae37416b7c"
    integrity sha1-D6LGT5MpF8NDOg3tVTY6rjdBa3w=
  
  ip-regex@^2.1.0:
    version "2.1.0"
    resolved "http://10.0.2.145:8081/repository/npm/ip-regex/-/ip-regex-2.1.0.tgz#fa78bf5d2e6913c911ce9f819ee5146bb6d844e9"
    integrity sha1-+ni/XS5pE8kRzp+BnuUUa7bYROk=
  
  is-core-module@^2.2.0:
    version "2.8.0"
    resolved "http://10.0.2.145:8081/repository/npm/is-core-module/-/is-core-module-2.8.0.tgz#0321336c3d0925e497fd97f5d95cb114a5ccd548"
    integrity sha1-AyEzbD0JJeSX/Zf12VyxFKXM1Ug=
    dependencies:
      has "^1.0.3"
  
  is-extglob@^2.1.1:
    version "2.1.1"
    resolved "http://10.0.2.145:8081/repository/npm/is-extglob/-/is-extglob-2.1.1.tgz#a88c02535791f02ed37c76a1b9ea9773c833f8c2"
    integrity sha1-qIwCU1eR8C7TfHahueqXc8gz+MI=
  
  is-fullwidth-code-point@^2.0.0:
    version "2.0.0"
    resolved "http://10.0.2.145:8081/repository/npm/is-fullwidth-code-point/-/is-fullwidth-code-point-2.0.0.tgz#a3b30a5c4f199183167aaab93beefae3ddfb654f"
    integrity sha1-o7MKXE8ZkYMWeqq5O+764937ZU8=
  
  is-fullwidth-code-point@^3.0.0:
    version "3.0.0"
    resolved "http://10.0.2.145:8081/repository/npm/is-fullwidth-code-point/-/is-fullwidth-code-point-3.0.0.tgz#f116f8064fe90b3f7844a38997c0b75051269f1d"
    integrity sha1-8Rb4Bk/pCz94RKOJl8C3UFEmnx0=
  
  is-glob@^4.0.0, is-glob@^4.0.1, is-glob@^4.0.3:
    version "4.0.3"
    resolved "http://10.0.2.145:8081/repository/npm/is-glob/-/is-glob-4.0.3.tgz#64f61e42cbbb2eec2071a9dac0b28ba1e65d5084"
    integrity sha1-ZPYeQsu7LuwgcanawLKLoeZdUIQ=
    dependencies:
      is-extglob "^2.1.1"
  
  is-number@^7.0.0:
    version "7.0.0"
    resolved "http://10.0.2.145:8081/repository/npm/is-number/-/is-number-7.0.0.tgz#7535345b896734d5f80c4d06c50955527a14f12b"
    integrity sha1-dTU0W4lnNNX4DE0GxQlVUnoU8Ss=
  
  is-typedarray@~1.0.0:
    version "1.0.0"
    resolved "http://10.0.2.145:8081/repository/npm/is-typedarray/-/is-typedarray-1.0.0.tgz#e479c80858df0c1b11ddda6940f96011fcda4a9a"
    integrity sha1-5HnICFjfDBsR3dppQPlgEfzaSpo=
  
  isexe@^2.0.0:
    version "2.0.0"
    resolved "http://10.0.2.145:8081/repository/npm/isexe/-/isexe-2.0.0.tgz#e8fbf374dc556ff8947a10dcb0572d633f2cfa10"
    integrity sha1-6PvzdNxVb/iUehDcsFctYz8s+hA=
  
  isstream@~0.1.2:
    version "0.1.2"
    resolved "http://10.0.2.145:8081/repository/npm/isstream/-/isstream-0.1.2.tgz#47e63f7af55afa6f92e1500e690eb8b8529c099a"
    integrity sha1-R+Y/evVa+m+S4VAOaQ64uFKcCZo=
  
  js-yaml@^3.13.1:
    version "3.14.1"
    resolved "http://10.0.2.145:8081/repository/npm/js-yaml/-/js-yaml-3.14.1.tgz#dae812fdb3825fa306609a8717383c50c36a0537"
    integrity sha1-2ugS/bOCX6MGYJqHFzg8UMNqBTc=
    dependencies:
      argparse "^1.0.7"
      esprima "^4.0.0"
  
  js-yaml@^4.1.0:
    version "4.1.0"
    resolved "http://10.0.2.145:8081/repository/npm/js-yaml/-/js-yaml-4.1.0.tgz#c1fb65f8f5017901cdd2c951864ba18458a10602"
    integrity sha1-wftl+PUBeQHN0slRhkuhhFihBgI=
    dependencies:
      argparse "^2.0.1"
  
  jsbn@~0.1.0:
    version "0.1.1"
    resolved "http://10.0.2.145:8081/repository/npm/jsbn/-/jsbn-0.1.1.tgz#a5e654c2e5a2deb5f201d96cefbca80c0ef2f513"
    integrity sha1-peZUwuWi3rXyAdls77yoDA7y9RM=
  
  jsdom@^15.2.1:
    version "15.2.1"
    resolved "http://10.0.2.145:8081/repository/npm/jsdom/-/jsdom-15.2.1.tgz#d2feb1aef7183f86be521b8c6833ff5296d07ec5"
    integrity sha1-0v6xrvcYP4a+UhuMaDP/UpbQfsU=
    dependencies:
      abab "^2.0.0"
      acorn "^7.1.0"
      acorn-globals "^4.3.2"
      array-equal "^1.0.0"
      cssom "^0.4.1"
      cssstyle "^2.0.0"
      data-urls "^1.1.0"
      domexception "^1.0.1"
      escodegen "^1.11.1"
      html-encoding-sniffer "^1.0.2"
      nwsapi "^2.2.0"
      parse5 "5.1.0"
      pn "^1.1.0"
      request "^2.88.0"
      request-promise-native "^1.0.7"
      saxes "^3.1.9"
      symbol-tree "^3.2.2"
      tough-cookie "^3.0.1"
      w3c-hr-time "^1.0.1"
      w3c-xmlserializer "^1.1.2"
      webidl-conversions "^4.0.2"
      whatwg-encoding "^1.0.5"
      whatwg-mimetype "^2.3.0"
      whatwg-url "^7.0.0"
      ws "^7.0.0"
      xml-name-validator "^3.0.0"
  
  json-schema-traverse@^0.4.1:
    version "0.4.1"
    resolved "http://10.0.2.145:8081/repository/npm/json-schema-traverse/-/json-schema-traverse-0.4.1.tgz#69f6a87d9513ab8bb8fe63bdb0979c448e684660"
    integrity sha1-afaofZUTq4u4/mO9sJecRI5oRmA=
  
  json-schema@0.2.3:
    version "0.2.3"
    resolved "http://10.0.2.145:8081/repository/npm/json-schema/-/json-schema-0.2.3.tgz#b480c892e59a2f05954ce727bd3f2a4e882f9e13"
    integrity sha1-tIDIkuWaLwWVTOcnvT8qTogvnhM=
  
  json-stable-stringify-without-jsonify@^1.0.1:
    version "1.0.1"
    resolved "http://10.0.2.145:8081/repository/npm/json-stable-stringify-without-jsonify/-/json-stable-stringify-without-jsonify-1.0.1.tgz#9db7b59496ad3f3cfef30a75142d2d930ad72651"
    integrity sha1-nbe1lJatPzz+8wp1FC0tkwrXJlE=
  
  json-stringify-safe@~5.0.1:
    version "5.0.1"
    resolved "http://10.0.2.145:8081/repository/npm/json-stringify-safe/-/json-stringify-safe-5.0.1.tgz#1296a2d58fd45f19a0f6ce01d65701e2c735b6eb"
    integrity sha1-Epai1Y/UXxmg9s4B1lcB4sc1tus=
  
  jsprim@^1.2.2:
    version "1.4.1"
    resolved "http://10.0.2.145:8081/repository/npm/jsprim/-/jsprim-1.4.1.tgz#313e66bc1e5cc06e438bc1b7499c2e5c56acb6a2"
    integrity sha1-MT5mvB5cwG5Di8G3SZwuXFastqI=
    dependencies:
      assert-plus "1.0.0"
      extsprintf "1.3.0"
      json-schema "0.2.3"
      verror "1.10.0"
  
  kdbush@^2.0.1:
    version "2.0.1"
    resolved "http://10.0.2.145:8081/repository/npm/kdbush/-/kdbush-2.0.1.tgz#90c6128e3001ac68c550d7c9e2f222c0269666f1"
    integrity sha1-kMYSjjABrGjFUNfJ4vIiwCaWZvE=
  
  levn@^0.4.1:
    version "0.4.1"
    resolved "http://10.0.2.145:8081/repository/npm/levn/-/levn-0.4.1.tgz#ae4562c007473b932a6200d403268dd2fffc6ade"
    integrity sha1-rkViwAdHO5MqYgDUAyaN0v/8at4=
    dependencies:
      prelude-ls "^1.2.1"
      type-check "~0.4.0"
  
  levn@~0.3.0:
    version "0.3.0"
    resolved "http://10.0.2.145:8081/repository/npm/levn/-/levn-0.3.0.tgz#3b09924edf9f083c0490fdd4c0bc4421e04764ee"
    integrity sha1-OwmSTt+fCDwEkP3UwLxEIeBHZO4=
    dependencies:
      prelude-ls "~1.1.2"
      type-check "~0.3.2"
  
  lodash.merge@^4.6.2:
    version "4.6.2"
    resolved "http://10.0.2.145:8081/repository/npm/lodash.merge/-/lodash.merge-4.6.2.tgz#558aa53b43b661e1925a0afdfa36a9a1085fe57a"
    integrity sha1-VYqlO0O2YeGSWgr9+japoQhf5Xo=
  
  lodash.sortby@^4.7.0:
    version "4.7.0"
    resolved "http://10.0.2.145:8081/repository/npm/lodash.sortby/-/lodash.sortby-4.7.0.tgz#edd14c824e2cc9c1e0b0a1b42bb5210516a42438"
    integrity sha1-7dFMgk4sycHgsKG0K7UhBRakJDg=
  
  lodash@^4.17.19:
    version "4.17.21"
    resolved "http://10.0.2.145:8081/repository/npm/lodash/-/lodash-4.17.21.tgz#679591c564c3bffaae8454cf0b3df370c3d6911c"
    integrity sha1-Z5WRxWTDv/quhFTPCz3zcMPWkRw=
  
  lru-cache@^6.0.0:
    version "6.0.0"
    resolved "http://10.0.2.145:8081/repository/npm/lru-cache/-/lru-cache-6.0.0.tgz#6d6fe6570ebd96aaf90fcad1dafa3b2566db3a94"
    integrity sha1-bW/mVw69lqr5D8rR2vo7JWbbOpQ=
    dependencies:
      yallist "^4.0.0"
  
  make-dir@^3.1.0:
    version "3.1.0"
    resolved "http://10.0.2.145:8081/repository/npm/make-dir/-/make-dir-3.1.0.tgz#415e967046b3a7f1d185277d84aa58203726a13f"
    integrity sha1-QV6WcEazp/HRhSd9hKpYIDcmoT8=
    dependencies:
      semver "^6.0.0"
  
  makerjs@^0.17.1:
    version "0.17.1"
    resolved "http://10.0.2.145:8081/repository/npm/makerjs/-/makerjs-0.17.1.tgz#075850b8a3666d5a447958223541f122436828ab"
    integrity sha1-B1hQuKNmbVpEeVgiNUHxIkNoKKs=
    dependencies:
      "@danmarshall/jscad-typings" "^1.0.0"
      "@types/bezier-js" "^0.0.6"
      "@types/node" "^7.0.5"
      "@types/opentype.js" "^0.7.0"
      "@types/pdfkit" "^0.7.34"
      bezier-js "^2.1.0"
      clone "^1.0.2"
      graham_scan "^1.0.4"
      kdbush "^2.0.1"
  
  merge2@^1.3.0:
    version "1.4.1"
    resolved "http://10.0.2.145:8081/repository/npm/merge2/-/merge2-1.4.1.tgz#4368892f885e907455a6fd7dc55c0c9d404990ae"
    integrity sha1-Q2iJL4hekHRVpv19xVwMnUBJkK4=
  
  micromatch@^4.0.4:
    version "4.0.4"
    resolved "http://10.0.2.145:8081/repository/npm/micromatch/-/micromatch-4.0.4.tgz#896d519dfe9db25fce94ceb7a500919bf881ebf9"
    integrity sha1-iW1Rnf6dsl/OlM63pQCRm/iB6/k=
    dependencies:
      braces "^3.0.1"
      picomatch "^2.2.3"
  
  mime-db@1.50.0:
    version "1.50.0"
    resolved "http://10.0.2.145:8081/repository/npm/mime-db/-/mime-db-1.50.0.tgz#abd4ac94e98d3c0e185016c67ab45d5fde40c11f"
    integrity sha1-q9SslOmNPA4YUBbGerRdX95AwR8=
  
  mime-types@^2.1.12, mime-types@~2.1.19:
    version "2.1.33"
    resolved "http://10.0.2.145:8081/repository/npm/mime-types/-/mime-types-2.1.33.tgz#1fa12a904472fafd068e48d9e8401f74d3f70edb"
    integrity sha1-H6EqkERy+v0GjkjZ6EAfdNP3Dts=
    dependencies:
      mime-db "1.50.0"
  
  mimic-response@^2.0.0:
    version "2.1.0"
    resolved "http://10.0.2.145:8081/repository/npm/mimic-response/-/mimic-response-2.1.0.tgz#d13763d35f613d09ec37ebb30bac0469c0ee8f43"
    integrity sha1-0Tdj019hPQnsN+uzC6wEacDuj0M=
  
  minimatch@^3.0.4:
    version "3.0.4"
    resolved "http://10.0.2.145:8081/repository/npm/minimatch/-/minimatch-3.0.4.tgz#5166e286457f03306064be5497e8dbb0c3d32083"
    integrity sha1-UWbihkV/AzBgZL5Ul+jbsMPTIIM=
    dependencies:
      brace-expansion "^1.1.7"
  
  minipass@^3.0.0:
    version "3.1.5"
    resolved "http://10.0.2.145:8081/repository/npm/minipass/-/minipass-3.1.5.tgz#71f6251b0a33a49c01b3cf97ff77eda030dff732"
    integrity sha1-cfYlGwozpJwBs8+X/3ftoDDf9zI=
    dependencies:
      yallist "^4.0.0"
  
  minizlib@^2.1.1:
    version "2.1.2"
    resolved "http://10.0.2.145:8081/repository/npm/minizlib/-/minizlib-2.1.2.tgz#e90d3466ba209b932451508a11ce3d3632145931"
    integrity sha1-6Q00Zrogm5MkUVCKEc49NjIUWTE=
    dependencies:
      minipass "^3.0.0"
      yallist "^4.0.0"
  
  mkdirp@^1.0.3:
    version "1.0.4"
    resolved "http://10.0.2.145:8081/repository/npm/mkdirp/-/mkdirp-1.0.4.tgz#3eb5ed62622756d79a5f0e2a221dfebad75c2f7e"
    integrity sha1-PrXtYmInVteaXw4qIh3+utdcL34=
  
  ms@2.1.2:
    version "2.1.2"
    resolved "http://10.0.2.145:8081/repository/npm/ms/-/ms-2.1.2.tgz#d09d1f357b443f493382a8eb3ccd183872ae6009"
    integrity sha1-0J0fNXtEP0kzgqjrPM0YOHKuYAk=
  
  nan@^2.14.0:
    version "2.15.0"
    resolved "http://10.0.2.145:8081/repository/npm/nan/-/nan-2.15.0.tgz#3f34a473ff18e15c1b5626b62903b5ad6e665fee"
    integrity sha1-PzSkc/8Y4VwbVia2KQO1rW5mX+4=
  
  nanoid@^3.1.30:
    version "3.1.30"
    resolved "http://10.0.2.145:8081/repository/npm/nanoid/-/nanoid-3.1.30.tgz#63f93cc548d2a113dc5dfbc63bfa09e2b9b64362"
    integrity sha1-Y/k8xUjSoRPcXfvGO/oJ4rm2Q2I=
  
  natural-compare@^1.4.0:
    version "1.4.0"
    resolved "http://10.0.2.145:8081/repository/npm/natural-compare/-/natural-compare-1.4.0.tgz#4abebfeed7541f2c27acfb29bdbbd15c8d5ba4f7"
    integrity sha1-Sr6/7tdUHywnrPspvbvRXI1bpPc=
  
  node-fetch@^2.6.5:
    version "2.6.5"
    resolved "http://10.0.2.145:8081/repository/npm/node-fetch/-/node-fetch-2.6.5.tgz#42735537d7f080a7e5f78b6c549b7146be1742fd"
    integrity sha1-QnNVN9fwgKfl94tsVJtxRr4XQv0=
    dependencies:
      whatwg-url "^5.0.0"
  
  nopt@^5.0.0:
    version "5.0.0"
    resolved "http://10.0.2.145:8081/repository/npm/nopt/-/nopt-5.0.0.tgz#530942bb58a512fccafe53fe210f13a25355dc88"
    integrity sha1-UwlCu1ilEvzK/lP+IQ8TolNV3Ig=
    dependencies:
      abbrev "1"
  
  npmlog@^5.0.1:
    version "5.0.1"
    resolved "http://10.0.2.145:8081/repository/npm/npmlog/-/npmlog-5.0.1.tgz#f06678e80e29419ad67ab964e0fa69959c1eb8b0"
    integrity sha1-8GZ46A4pQZrWerlk4PpplZweuLA=
    dependencies:
      are-we-there-yet "^2.0.0"
      console-control-strings "^1.1.0"
      gauge "^3.0.0"
      set-blocking "^2.0.0"
  
  nwsapi@^2.2.0:
    version "2.2.0"
    resolved "http://10.0.2.145:8081/repository/npm/nwsapi/-/nwsapi-2.2.0.tgz#204879a9e3d068ff2a55139c2c772780681a38b7"
    integrity sha1-IEh5qePQaP8qVROcLHcngGgaOLc=
  
  oauth-sign@~0.9.0:
    version "0.9.0"
    resolved "http://10.0.2.145:8081/repository/npm/oauth-sign/-/oauth-sign-0.9.0.tgz#47a7b016baa68b5fa0ecf3dee08a85c679ac6455"
    integrity sha1-R6ewFrqmi1+g7PPe4IqFxnmsZFU=
  
  object-assign@^4.1.1:
    version "4.1.1"
    resolved "http://10.0.2.145:8081/repository/npm/object-assign/-/object-assign-4.1.1.tgz#2109adc7965887cfc05cbbd442cac8bfbb360863"
    integrity sha1-IQmtx5ZYh8/AXLvUQsrIv7s2CGM=
  
  once@^1.3.0, once@^1.3.1:
    version "1.4.0"
    resolved "http://10.0.2.145:8081/repository/npm/once/-/once-1.4.0.tgz#583b1aa775961d4b113ac17d9c50baef9dd76bd1"
    integrity sha1-WDsap3WWHUsROsF9nFC6753Xa9E=
    dependencies:
      wrappy "1"
  
  optionator@^0.8.1:
    version "0.8.3"
    resolved "http://10.0.2.145:8081/repository/npm/optionator/-/optionator-0.8.3.tgz#84fa1d036fe9d3c7e21d99884b601167ec8fb495"
    integrity sha1-hPodA2/p08fiHZmIS2ARZ+yPtJU=
    dependencies:
      deep-is "~0.1.3"
      fast-levenshtein "~2.0.6"
      levn "~0.3.0"
      prelude-ls "~1.1.2"
      type-check "~0.3.2"
      word-wrap "~1.2.3"
  
  optionator@^0.9.1:
    version "0.9.1"
    resolved "http://10.0.2.145:8081/repository/npm/optionator/-/optionator-0.9.1.tgz#4f236a6373dae0566a6d43e1326674f50c291499"
    integrity sha1-TyNqY3Pa4FZqbUPhMmZ09QwpFJk=
    dependencies:
      deep-is "^0.1.3"
      fast-levenshtein "^2.0.6"
      levn "^0.4.1"
      prelude-ls "^1.2.1"
      type-check "^0.4.0"
      word-wrap "^1.2.3"
  
  parent-module@^1.0.0:
    version "1.0.1"
    resolved "http://10.0.2.145:8081/repository/npm/parent-module/-/parent-module-1.0.1.tgz#691d2709e78c79fae3a156622452d00762caaaa2"
    integrity sha1-aR0nCeeMefrjoVZiJFLQB2LKqqI=
    dependencies:
      callsites "^3.0.0"
  
  parse5@5.1.0:
    version "5.1.0"
    resolved "http://10.0.2.145:8081/repository/npm/parse5/-/parse5-5.1.0.tgz#c59341c9723f414c452975564c7c00a68d58acd2"
    integrity sha1-xZNByXI/QUxFKXVWTHwApo1YrNI=
  
  path-is-absolute@^1.0.0:
    version "1.0.1"
    resolved "http://10.0.2.145:8081/repository/npm/path-is-absolute/-/path-is-absolute-1.0.1.tgz#174b9268735534ffbc7ace6bf53a5a9e1b5c5f5f"
    integrity sha1-F0uSaHNVNP+8es5r9TpanhtcX18=
  
  path-key@^3.1.0:
    version "3.1.1"
    resolved "http://10.0.2.145:8081/repository/npm/path-key/-/path-key-3.1.1.tgz#581f6ade658cbba65a0d3380de7753295054f375"
    integrity sha1-WB9q3mWMu6ZaDTOA3ndTKVBU83U=
  
  path-parse@^1.0.6:
    version "1.0.7"
    resolved "http://10.0.2.145:8081/repository/npm/path-parse/-/path-parse-1.0.7.tgz#fbc114b60ca42b30d9daf5858e4bd68bbedb6735"
    integrity sha1-+8EUtgykKzDZ2vWFjkvWi77bZzU=
  
  path-type@^4.0.0:
    version "4.0.0"
    resolved "http://10.0.2.145:8081/repository/npm/path-type/-/path-type-4.0.0.tgz#84ed01c0a7ba380afe09d90a8c180dcd9d03043b"
    integrity sha1-hO0BwKe6OAr+CdkKjBgNzZ0DBDs=
  
  performance-now@^2.1.0:
    version "2.1.0"
    resolved "http://10.0.2.145:8081/repository/npm/performance-now/-/performance-now-2.1.0.tgz#6309f4e0e5fa913ec1c69307ae364b4b377c9e7b"
    integrity sha1-Ywn04OX6kT7BxpMHrjZLSzd8nns=
  
  picocolors@^1.0.0:
    version "1.0.0"
    resolved "http://10.0.2.145:8081/repository/npm/picocolors/-/picocolors-1.0.0.tgz#cb5bdc74ff3f51892236eaf79d68bc44564ab81c"
    integrity sha1-y1vcdP8/UYkiNur3nWi8RFZKuBw=
  
  picomatch@^2.2.3:
    version "2.3.0"
    resolved "http://10.0.2.145:8081/repository/npm/picomatch/-/picomatch-2.3.0.tgz#f1f061de8f6a4bf022892e2d128234fb98302972"
    integrity sha1-8fBh3o9qS/AiiS4tEoI0+5gwKXI=
  
  pn@^1.1.0:
    version "1.1.0"
    resolved "http://10.0.2.145:8081/repository/npm/pn/-/pn-1.1.0.tgz#e2f4cef0e219f463c179ab37463e4e1ecdccbafb"
    integrity sha1-4vTO8OIZ9GPBeas3Rj5OHs3Muvs=
  
  postcss@^8.3.8:
    version "8.3.11"
    resolved "http://10.0.2.145:8081/repository/npm/postcss/-/postcss-8.3.11.tgz#c3beca7ea811cd5e1c4a3ec6d2e7599ef1f8f858"
    integrity sha1-w77KfqgRzV4cSj7G0udZnvH4+Fg=
    dependencies:
      nanoid "^3.1.30"
      picocolors "^1.0.0"
      source-map-js "^0.6.2"
  
  prelude-ls@^1.2.1:
    version "1.2.1"
    resolved "http://10.0.2.145:8081/repository/npm/prelude-ls/-/prelude-ls-1.2.1.tgz#debc6489d7a6e6b0e7611888cec880337d316396"
    integrity sha1-3rxkidem5rDnYRiIzsiAM30xY5Y=
  
  prelude-ls@~1.1.2:
    version "1.1.2"
    resolved "http://10.0.2.145:8081/repository/npm/prelude-ls/-/prelude-ls-1.1.2.tgz#21932a549f5e52ffd9a827f570e04be62a97da54"
    integrity sha1-IZMqVJ9eUv/ZqCf1cOBL5iqX2lQ=
  
  prettier@^2.4.1:
    version "2.4.1"
    resolved "http://10.0.2.145:8081/repository/npm/prettier/-/prettier-2.4.1.tgz#671e11c89c14a4cfc876ce564106c4a6726c9f5c"
    integrity sha1-Zx4RyJwUpM/Ids5WQQbEpnJsn1w=
  
  progress@^2.0.0:
    version "2.0.3"
    resolved "http://10.0.2.145:8081/repository/npm/progress/-/progress-2.0.3.tgz#7e8cf8d8f5b8f239c1bc68beb4eb78567d572ef8"
    integrity sha1-foz42PW48jnBvGi+tOt4Vn1XLvg=
  
  psl@^1.1.28:
    version "1.8.0"
    resolved "http://10.0.2.145:8081/repository/npm/psl/-/psl-1.8.0.tgz#9326f8bcfb013adcc005fdff056acce020e51c24"
    integrity sha1-kyb4vPsBOtzABf3/BWrM4CDlHCQ=
  
  punycode@^2.1.0, punycode@^2.1.1:
    version "2.1.1"
    resolved "http://10.0.2.145:8081/repository/npm/punycode/-/punycode-2.1.1.tgz#b58b010ac40c22c5657616c8d2c2c02c7bf479ec"
    integrity sha1-tYsBCsQMIsVldhbI0sLALHv0eew=
  
  qs@~6.5.2:
    version "6.5.2"
    resolved "http://10.0.2.145:8081/repository/npm/qs/-/qs-6.5.2.tgz#cb3ae806e8740444584ef154ce8ee98d403f3e36"
    integrity sha1-yzroBuh0BERYTvFUzo7pjUA/PjY=
  
  queue-microtask@^1.2.2:
    version "1.2.3"
    resolved "http://10.0.2.145:8081/repository/npm/queue-microtask/-/queue-microtask-1.2.3.tgz#4929228bbc724dfac43e0efb058caf7b6cfb6243"
    integrity sha1-SSkii7xyTfrEPg77BYyve2z7YkM=
  
  readable-stream@^3.6.0:
    version "3.6.0"
    resolved "http://10.0.2.145:8081/repository/npm/readable-stream/-/readable-stream-3.6.0.tgz#337bbda3adc0706bd3e024426a286d4b4b2c9198"
    integrity sha1-M3u9o63AcGvT4CRCaihtS0sskZg=
    dependencies:
      inherits "^2.0.3"
      string_decoder "^1.1.1"
      util-deprecate "^1.0.1"
  
  regexpp@^3.2.0:
    version "3.2.0"
    resolved "http://10.0.2.145:8081/repository/npm/regexpp/-/regexpp-3.2.0.tgz#0425a2768d8f23bad70ca4b90461fa2f1213e1b2"
    integrity sha1-BCWido2PI7rXDKS5BGH6LxIT4bI=
  
  request-promise-core@1.1.4:
    version "1.1.4"
    resolved "http://10.0.2.145:8081/repository/npm/request-promise-core/-/request-promise-core-1.1.4.tgz#3eedd4223208d419867b78ce815167d10593a22f"
    integrity sha1-Pu3UIjII1BmGe3jOgVFn0QWToi8=
    dependencies:
      lodash "^4.17.19"
  
  request-promise-native@^1.0.7:
    version "1.0.9"
    resolved "http://10.0.2.145:8081/repository/npm/request-promise-native/-/request-promise-native-1.0.9.tgz#e407120526a5efdc9a39b28a5679bf47b9d9dc28"
    integrity sha1-5AcSBSal79yaObKKVnm/R7nZ3Cg=
    dependencies:
      request-promise-core "1.1.4"
      stealthy-require "^1.1.1"
      tough-cookie "^2.3.3"
  
  request@^2.88.0:
    version "2.88.2"
    resolved "http://10.0.2.145:8081/repository/npm/request/-/request-2.88.2.tgz#d73c918731cb5a87da047e207234146f664d12b3"
    integrity sha1-1zyRhzHLWofaBH4gcjQUb2ZNErM=
    dependencies:
      aws-sign2 "~0.7.0"
      aws4 "^1.8.0"
      caseless "~0.12.0"
      combined-stream "~1.0.6"
      extend "~3.0.2"
      forever-agent "~0.6.1"
      form-data "~2.3.2"
      har-validator "~5.1.3"
      http-signature "~1.2.0"
      is-typedarray "~1.0.0"
      isstream "~0.1.2"
      json-stringify-safe "~5.0.1"
      mime-types "~2.1.19"
      oauth-sign "~0.9.0"
      performance-now "^2.1.0"
      qs "~6.5.2"
      safe-buffer "^5.1.2"
      tough-cookie "~2.5.0"
      tunnel-agent "^0.6.0"
      uuid "^3.3.2"
  
  resolve-from@^4.0.0:
    version "4.0.0"
    resolved "http://10.0.2.145:8081/repository/npm/resolve-from/-/resolve-from-4.0.0.tgz#4abcd852ad32dd7baabfe9b40e00a36db5f392e6"
    integrity sha1-SrzYUq0y3Xuqv+m0DgCjbbXzkuY=
  
  resolve@^1.20.0:
    version "1.20.0"
    resolved "http://10.0.2.145:8081/repository/npm/resolve/-/resolve-1.20.0.tgz#629a013fb3f70755d6f0b7935cc1c2c5378b1975"
    integrity sha1-YpoBP7P3B1XW8LeTXMHCxTeLGXU=
    dependencies:
      is-core-module "^2.2.0"
      path-parse "^1.0.6"
  
  reusify@^1.0.4:
    version "1.0.4"
    resolved "http://10.0.2.145:8081/repository/npm/reusify/-/reusify-1.0.4.tgz#90da382b1e126efc02146e90845a88db12925d76"
    integrity sha1-kNo4Kx4SbvwCFG6QhFqI2xKSXXY=
  
  rimraf@^3.0.2:
    version "3.0.2"
    resolved "http://10.0.2.145:8081/repository/npm/rimraf/-/rimraf-3.0.2.tgz#f1a5402ba6220ad52cc1282bac1ae3aa49fd061a"
    integrity sha1-8aVAK6YiCtUswSgrrBrjqkn9Bho=
    dependencies:
      glob "^7.1.3"
  
  rollup@^2.57.0:
    version "2.58.3"
    resolved "http://10.0.2.145:8081/repository/npm/rollup/-/rollup-2.58.3.tgz#71a08138d9515fb65043b6a18618b2ed9ac8d239"
    integrity sha1-caCBONlRX7ZQQ7ahhhiy7ZrI0jk=
    optionalDependencies:
      fsevents "~2.3.2"
  
  run-parallel@^1.1.9:
    version "1.2.0"
    resolved "http://10.0.2.145:8081/repository/npm/run-parallel/-/run-parallel-1.2.0.tgz#66d1368da7bdf921eb9d95bd1a9229e7f21a43ee"
    integrity sha1-ZtE2jae9+SHrnZW9GpIp5/IaQ+4=
    dependencies:
      queue-microtask "^1.2.2"
  
  rxjs@~7.3.0:
    version "7.3.1"
    resolved "http://10.0.2.145:8081/repository/npm/rxjs/-/rxjs-7.3.1.tgz#cc375521f9e238b474fe552b0b9fd1be33d08099"
    integrity sha1-zDdVIfniOLR0/lUrC5/RvjPQgJk=
    dependencies:
      tslib "~2.1.0"
  
  safe-buffer@^5.0.1, safe-buffer@^5.1.2, safe-buffer@~5.2.0:
    version "5.2.1"
    resolved "http://10.0.2.145:8081/repository/npm/safe-buffer/-/safe-buffer-5.2.1.tgz#1eaf9fa9bdb1fdd4ec75f58f9cdb4e6b7827eec6"
    integrity sha1-Hq+fqb2x/dTsdfWPnNtOa3gn7sY=
  
  "safer-buffer@>= 2.1.2 < 3", safer-buffer@^2.0.2, safer-buffer@^2.1.0, safer-buffer@~2.1.0:
    version "2.1.2"
    resolved "http://10.0.2.145:8081/repository/npm/safer-buffer/-/safer-buffer-2.1.2.tgz#44fa161b0187b9549dd84bb91802f9bd8385cd6a"
    integrity sha1-RPoWGwGHuVSd2Eu5GAL5vYOFzWo=
  
  saxes@^3.1.9:
    version "3.1.11"
    resolved "http://10.0.2.145:8081/repository/npm/saxes/-/saxes-3.1.11.tgz#d59d1fd332ec92ad98a2e0b2ee644702384b1c5b"
    integrity sha1-1Z0f0zLskq2YouCy7mRHAjhLHFs=
    dependencies:
      xmlchars "^2.1.1"
  
  semver@^6.0.0:
    version "6.3.0"
    resolved "http://10.0.2.145:8081/repository/npm/semver/-/semver-6.3.0.tgz#ee0a64c8af5e8ceea67687b133761e1becbd1d3d"
    integrity sha1-7gpkyK9ejO6mdoexM3YeG+y9HT0=
  
  semver@^7.2.1, semver@^7.3.5:
    version "7.3.5"
    resolved "http://10.0.2.145:8081/repository/npm/semver/-/semver-7.3.5.tgz#0b621c879348d8998e4b0e4be94b3f12e6018ef7"
    integrity sha1-C2Ich5NI2JmOSw5L6Us/EuYBjvc=
    dependencies:
      lru-cache "^6.0.0"
  
  set-blocking@^2.0.0:
    version "2.0.0"
    resolved "http://10.0.2.145:8081/repository/npm/set-blocking/-/set-blocking-2.0.0.tgz#045f9782d011ae9a6803ddd382b24392b3d890f7"
    integrity sha1-BF+XgtARrppoA93TgrJDkrPYkPc=
  
  shebang-command@^2.0.0:
    version "2.0.0"
    resolved "http://10.0.2.145:8081/repository/npm/shebang-command/-/shebang-command-2.0.0.tgz#ccd0af4f8835fbdc265b82461aaf0c36663f34ea"
    integrity sha1-zNCvT4g1+9wmW4JGGq8MNmY/NOo=
    dependencies:
      shebang-regex "^3.0.0"
  
  shebang-regex@^3.0.0:
    version "3.0.0"
    resolved "http://10.0.2.145:8081/repository/npm/shebang-regex/-/shebang-regex-3.0.0.tgz#ae16f1644d873ecad843b0307b143362d4c42172"
    integrity sha1-rhbxZE2HPsrYQ7AwexQzYtTEIXI=
  
  signal-exit@^3.0.0:
    version "3.0.5"
    resolved "http://10.0.2.145:8081/repository/npm/signal-exit/-/signal-exit-3.0.5.tgz#9e3e8cc0c75a99472b44321033a7702e7738252f"
    integrity sha1-nj6MwMdamUcrRDIQM6dwLnc4JS8=
  
  simple-concat@^1.0.0:
    version "1.0.1"
    resolved "http://10.0.2.145:8081/repository/npm/simple-concat/-/simple-concat-1.0.1.tgz#f46976082ba35c2263f1c8ab5edfe26c41c9552f"
    integrity sha1-9Gl2CCujXCJj8cirXt/ibEHJVS8=
  
  simple-get@^3.0.3:
    version "3.1.0"
    resolved "http://10.0.2.145:8081/repository/npm/simple-get/-/simple-get-3.1.0.tgz#b45be062435e50d159540b576202ceec40b9c6b3"
    integrity sha1-tFvgYkNeUNFZVAtXYgLO7EC5xrM=
    dependencies:
      decompress-response "^4.2.0"
      once "^1.3.1"
      simple-concat "^1.0.0"
  
  slash@^3.0.0:
    version "3.0.0"
    resolved "http://10.0.2.145:8081/repository/npm/slash/-/slash-3.0.0.tgz#6539be870c165adbd5240220dbe361f1bc4d4634"
    integrity sha1-ZTm+hwwWWtvVJAIg2+Nh8bxNRjQ=
  
  source-map-js@^0.6.2:
    version "0.6.2"
    resolved "http://10.0.2.145:8081/repository/npm/source-map-js/-/source-map-js-0.6.2.tgz#0bb5de631b41cfbda6cfba8bd05a80efdfd2385e"
    integrity sha1-C7XeYxtBz72mz7qL0FqA79/SOF4=
  
  source-map@~0.6.1:
    version "0.6.1"
    resolved "http://10.0.2.145:8081/repository/npm/source-map/-/source-map-0.6.1.tgz#74722af32e9614e9c287a8d0bbde48b5e2f1a263"
    integrity sha1-dHIq8y6WFOnCh6jQu95IteLxomM=
  
  sprintf-js@~1.0.2:
    version "1.0.3"
    resolved "http://10.0.2.145:8081/repository/npm/sprintf-js/-/sprintf-js-1.0.3.tgz#04e6926f662895354f3dd015203633b857297e2c"
    integrity sha1-BOaSb2YolTVPPdAVIDYzuFcpfiw=
  
  sshpk@^1.7.0:
    version "1.16.1"
    resolved "http://10.0.2.145:8081/repository/npm/sshpk/-/sshpk-1.16.1.tgz#fb661c0bef29b39db40769ee39fa70093d6f6877"
    integrity sha1-+2YcC+8ps520B2nuOfpwCT1vaHc=
    dependencies:
      asn1 "~0.2.3"
      assert-plus "^1.0.0"
      bcrypt-pbkdf "^1.0.0"
      dashdash "^1.12.0"
      ecc-jsbn "~0.1.1"
      getpass "^0.1.1"
      jsbn "~0.1.0"
      safer-buffer "^2.0.2"
      tweetnacl "~0.14.0"
  
  stealthy-require@^1.1.1:
    version "1.1.1"
    resolved "http://10.0.2.145:8081/repository/npm/stealthy-require/-/stealthy-require-1.1.1.tgz#35b09875b4ff49f26a777e509b3090a3226bf24b"
    integrity sha1-NbCYdbT/SfJqd35QmzCQoyJr8ks=
  
  "string-width@^1.0.1 || ^2.0.0":
    version "2.1.1"
    resolved "http://10.0.2.145:8081/repository/npm/string-width/-/string-width-2.1.1.tgz#ab93f27a8dc13d28cac815c462143a6d9012ae9e"
    integrity sha1-q5Pyeo3BPSjKyBXEYhQ6bZASrp4=
    dependencies:
      is-fullwidth-code-point "^2.0.0"
      strip-ansi "^4.0.0"
  
  "string-width@^1.0.2 || 2 || 3 || 4":
    version "4.2.3"
    resolved "http://10.0.2.145:8081/repository/npm/string-width/-/string-width-4.2.3.tgz#269c7117d27b05ad2e536830a8ec895ef9c6d010"
    integrity sha1-JpxxF9J7Ba0uU2gwqOyJXvnG0BA=
    dependencies:
      emoji-regex "^8.0.0"
      is-fullwidth-code-point "^3.0.0"
      strip-ansi "^6.0.1"
  
  string_decoder@^1.1.1:
    version "1.3.0"
    resolved "http://10.0.2.145:8081/repository/npm/string_decoder/-/string_decoder-1.3.0.tgz#42f114594a46cf1a8e30b0a84f56c78c3edac21e"
    integrity sha1-QvEUWUpGzxqOMLCoT1bHjD7awh4=
    dependencies:
      safe-buffer "~5.2.0"
  
  "strip-ansi@^3.0.1 || ^4.0.0", strip-ansi@^4.0.0:
    version "4.0.0"
    resolved "http://10.0.2.145:8081/repository/npm/strip-ansi/-/strip-ansi-4.0.0.tgz#a8479022eb1ac368a871389b635262c505ee368f"
    integrity sha1-qEeQIusaw2iocTibY1JixQXuNo8=
    dependencies:
      ansi-regex "^3.0.0"
  
  strip-ansi@^6.0.0, strip-ansi@^6.0.1:
    version "6.0.1"
    resolved "http://10.0.2.145:8081/repository/npm/strip-ansi/-/strip-ansi-6.0.1.tgz#9e26c63d30f53443e9489495b2105d37b67a85d9"
    integrity sha1-nibGPTD1NEPpSJSVshBdN7Z6hdk=
    dependencies:
      ansi-regex "^5.0.1"
  
  strip-json-comments@^3.1.0, strip-json-comments@^3.1.1:
    version "3.1.1"
    resolved "http://10.0.2.145:8081/repository/npm/strip-json-comments/-/strip-json-comments-3.1.1.tgz#31f1281b3832630434831c310c01cccda8cbe006"
    integrity sha1-MfEoGzgyYwQ0gxwxDAHMzajL4AY=
  
  supports-color@^7.1.0:
    version "7.2.0"
    resolved "http://10.0.2.145:8081/repository/npm/supports-color/-/supports-color-7.2.0.tgz#1b7dcdcb32b8138801b3e478ba6a51caa89648da"
    integrity sha1-G33NyzK4E4gBs+R4umpRyqiWSNo=
    dependencies:
      has-flag "^4.0.0"
  
  symbol-tree@^3.2.2:
    version "3.2.4"
    resolved "http://10.0.2.145:8081/repository/npm/symbol-tree/-/symbol-tree-3.2.4.tgz#430637d248ba77e078883951fb9aa0eed7c63fa2"
    integrity sha1-QwY30ki6d+B4iDlR+5qg7tfGP6I=
  
  tar@^6.1.11:
    version "6.1.11"
    resolved "http://10.0.2.145:8081/repository/npm/tar/-/tar-6.1.11.tgz#6760a38f003afa1b2ffd0ffe9e9abbd0eab3d621"
    integrity sha1-Z2CjjwA6+hsv/Q/+npq70Oqz1iE=
    dependencies:
      chownr "^2.0.0"
      fs-minipass "^2.0.0"
      minipass "^3.0.0"
      minizlib "^2.1.1"
      mkdirp "^1.0.3"
      yallist "^4.0.0"
  
  text-table@^0.2.0:
    version "0.2.0"
    resolved "http://10.0.2.145:8081/repository/npm/text-table/-/text-table-0.2.0.tgz#7f5ee823ae805207c00af2df4a84ec3fcfa570b4"
    integrity sha1-f17oI66AUgfACvLfSoTsP8+lcLQ=
  
  three.js@^0.77.1:
    version "0.77.1"
    resolved "http://10.0.2.145:8081/repository/npm/three.js/-/three.js-0.77.1.tgz#07858a8749e4b627a31083252a2d987776cca32a"
    integrity sha1-B4WKh0nktiejEIMlKi2Yd3bMoyo=
    dependencies:
      three "0.77.0"
  
  three@0.77.0:
    version "0.77.0"
    resolved "http://10.0.2.145:8081/repository/npm/three/-/three-0.77.0.tgz#8b0b1b00047689ceaa020d480a562ca60d87ff37"
    integrity sha1-iwsbAAR2ic6qAg1IClYspg2H/zc=
  
  to-regex-range@^5.0.1:
    version "5.0.1"
    resolved "http://10.0.2.145:8081/repository/npm/to-regex-range/-/to-regex-range-5.0.1.tgz#1648c44aae7c8d988a326018ed72f5b4dd0392e4"
    integrity sha1-FkjESq58jZiKMmAY7XL1tN0DkuQ=
    dependencies:
      is-number "^7.0.0"
  
  tough-cookie@^2.3.3, tough-cookie@~2.5.0:
    version "2.5.0"
    resolved "http://10.0.2.145:8081/repository/npm/tough-cookie/-/tough-cookie-2.5.0.tgz#cd9fb2a0aa1d5a12b473bd9fb96fa3dcff65ade2"
    integrity sha1-zZ+yoKodWhK0c72fuW+j3P9lreI=
    dependencies:
      psl "^1.1.28"
      punycode "^2.1.1"
  
  tough-cookie@^3.0.1:
    version "3.0.1"
    resolved "http://10.0.2.145:8081/repository/npm/tough-cookie/-/tough-cookie-3.0.1.tgz#9df4f57e739c26930a018184887f4adb7dca73b2"
    integrity sha1-nfT1fnOcJpMKAYGEiH9K233Kc7I=
    dependencies:
      ip-regex "^2.1.0"
      psl "^1.1.28"
      punycode "^2.1.1"
  
  tr46@^1.0.1:
    version "1.0.1"
    resolved "http://10.0.2.145:8081/repository/npm/tr46/-/tr46-1.0.1.tgz#a8b13fd6bfd2489519674ccde55ba3693b706d09"
    integrity sha1-qLE/1r/SSJUZZ0zN5VujaTtwbQk=
    dependencies:
      punycode "^2.1.0"
  
  tr46@~0.0.3:
    version "0.0.3"
    resolved "http://10.0.2.145:8081/repository/npm/tr46/-/tr46-0.0.3.tgz#8184fd347dac9cdc185992f3a6622e14b9d9ab6a"
    integrity sha1-gYT9NH2snNwYWZLzpmIuFLnZq2o=
  
  tslib@^1.8.1:
    version "1.14.1"
    resolved "http://10.0.2.145:8081/repository/npm/tslib/-/tslib-1.14.1.tgz#cf2d38bdc34a134bcaf1091c41f6619e2f672d00"
    integrity sha1-zy04vcNKE0vK8QkcQfZhni9nLQA=
  
  tslib@~2.1.0:
    version "2.1.0"
    resolved "http://10.0.2.145:8081/repository/npm/tslib/-/tslib-2.1.0.tgz#da60860f1c2ecaa5703ab7d39bc05b6bf988b97a"
    integrity sha1-2mCGDxwuyqVwOrfTm8Bba/mIuXo=
  
  tsutils@^3.21.0:
    version "3.21.0"
    resolved "http://10.0.2.145:8081/repository/npm/tsutils/-/tsutils-3.21.0.tgz#b48717d394cea6c1e096983eed58e9d61715b623"
    integrity sha1-tIcX05TOpsHglpg+7Vjp1hcVtiM=
    dependencies:
      tslib "^1.8.1"
  
  tunnel-agent@^0.6.0:
    version "0.6.0"
    resolved "http://10.0.2.145:8081/repository/npm/tunnel-agent/-/tunnel-agent-0.6.0.tgz#27a5dea06b36b04a0a9966774b290868f0fc40fd"
    integrity sha1-J6XeoGs2sEoKmWZ3SykIaPD8QP0=
    dependencies:
      safe-buffer "^5.0.1"
  
  tweetnacl@^0.14.3, tweetnacl@~0.14.0:
    version "0.14.5"
    resolved "http://10.0.2.145:8081/repository/npm/tweetnacl/-/tweetnacl-0.14.5.tgz#5ae68177f192d4456269d108afa93ff8743f4f64"
    integrity sha1-WuaBd/GS1EViadEIr6k/+HQ/T2Q=
  
  type-check@^0.4.0, type-check@~0.4.0:
    version "0.4.0"
    resolved "http://10.0.2.145:8081/repository/npm/type-check/-/type-check-0.4.0.tgz#07b8203bfa7056c0657050e3ccd2c37730bab8f1"
    integrity sha1-B7ggO/pwVsBlcFDjzNLDdzC6uPE=
    dependencies:
      prelude-ls "^1.2.1"
  
  type-check@~0.3.2:
    version "0.3.2"
    resolved "http://10.0.2.145:8081/repository/npm/type-check/-/type-check-0.3.2.tgz#5884cab512cf1d355e3fb784f30804b2b520db72"
    integrity sha1-WITKtRLPHTVeP7eE8wgEsrUg23I=
    dependencies:
      prelude-ls "~1.1.2"
  
  type-fest@^0.20.2:
    version "0.20.2"
    resolved "http://10.0.2.145:8081/repository/npm/type-fest/-/type-fest-0.20.2.tgz#1bf207f4b28f91583666cb5fbd327887301cd5f4"
    integrity sha1-G/IH9LKPkVg2ZstfvTJ4hzAc1fQ=
  
  typescript@^4.4.4:
    version "4.4.4"
    resolved "http://10.0.2.145:8081/repository/npm/typescript/-/typescript-4.4.4.tgz#2cd01a1a1f160704d3101fd5a58ff0f9fcb8030c"
    integrity sha1-LNAaGh8WBwTTEB/VpY/w+fy4Aww=
  
  uri-js@^4.2.2:
    version "4.4.1"
    resolved "http://10.0.2.145:8081/repository/npm/uri-js/-/uri-js-4.4.1.tgz#9b1a52595225859e55f669d928f88c6c57f2a77e"
    integrity sha1-mxpSWVIlhZ5V9mnZKPiMbFfyp34=
    dependencies:
      punycode "^2.1.0"
  
  util-deprecate@^1.0.1:
    version "1.0.2"
    resolved "http://10.0.2.145:8081/repository/npm/util-deprecate/-/util-deprecate-1.0.2.tgz#450d4dc9fa70de732762fbd2d4a28981419a0ccf"
    integrity sha1-RQ1Nyfpw3nMnYvvS1KKJgUGaDM8=
  
  uuid@^3.3.2:
    version "3.4.0"
    resolved "http://10.0.2.145:8081/repository/npm/uuid/-/uuid-3.4.0.tgz#b23e4358afa8a202fe7a100af1f5f883f02007ee"
    integrity sha1-sj5DWK+oogL+ehAK8fX4g/AgB+4=
  
  v8-compile-cache@^2.0.3:
    version "2.3.0"
    resolved "http://10.0.2.145:8081/repository/npm/v8-compile-cache/-/v8-compile-cache-2.3.0.tgz#2de19618c66dc247dcfb6f99338035d8245a2cee"
    integrity sha1-LeGWGMZtwkfc+2+ZM4A12CRaLO4=
  
  verror@1.10.0:
    version "1.10.0"
    resolved "http://10.0.2.145:8081/repository/npm/verror/-/verror-1.10.0.tgz#3a105ca17053af55d6e270c1f8288682e18da400"
    integrity sha1-OhBcoXBTr1XW4nDB+CiGguGNpAA=
    dependencies:
      assert-plus "^1.0.0"
      core-util-is "1.0.2"
      extsprintf "^1.2.0"
  
  vite@^2.4.3:
    version "2.6.12"
    resolved "http://10.0.2.145:8081/repository/npm/vite/-/vite-2.6.12.tgz#17d819ca6766f59a7609a50ab8a2d2cdc05f1523"
    integrity sha1-F9gZymdm9Zp2CaUKuKLSzcBfFSM=
    dependencies:
      esbuild "^0.13.2"
      postcss "^8.3.8"
      resolve "^1.20.0"
      rollup "^2.57.0"
    optionalDependencies:
      fsevents "~2.3.2"
  
  w3c-hr-time@^1.0.1:
    version "1.0.2"
    resolved "http://10.0.2.145:8081/repository/npm/w3c-hr-time/-/w3c-hr-time-1.0.2.tgz#0a89cdf5cc15822df9c360543676963e0cc308cd"
    integrity sha1-ConN9cwVgi35w2BUNnaWPgzDCM0=
    dependencies:
      browser-process-hrtime "^1.0.0"
  
  w3c-xmlserializer@^1.1.2:
    version "1.1.2"
    resolved "http://10.0.2.145:8081/repository/npm/w3c-xmlserializer/-/w3c-xmlserializer-1.1.2.tgz#30485ca7d70a6fd052420a3d12fd90e6339ce794"
    integrity sha1-MEhcp9cKb9BSQgo9Ev2Q5jOc55Q=
    dependencies:
      domexception "^1.0.1"
      webidl-conversions "^4.0.2"
      xml-name-validator "^3.0.0"
  
  webidl-conversions@^3.0.0:
    version "3.0.1"
    resolved "http://10.0.2.145:8081/repository/npm/webidl-conversions/-/webidl-conversions-3.0.1.tgz#24534275e2a7bc6be7bc86611cc16ae0a5654871"
    integrity sha1-JFNCdeKnvGvnvIZhHMFq4KVlSHE=
  
  webidl-conversions@^4.0.2:
    version "4.0.2"
    resolved "http://10.0.2.145:8081/repository/npm/webidl-conversions/-/webidl-conversions-4.0.2.tgz#a855980b1f0b6b359ba1d5d9fb39ae941faa63ad"
    integrity sha1-qFWYCx8LazWbodXZ+zmulB+qY60=
  
  whatwg-encoding@^1.0.1, whatwg-encoding@^1.0.5:
    version "1.0.5"
    resolved "http://10.0.2.145:8081/repository/npm/whatwg-encoding/-/whatwg-encoding-1.0.5.tgz#5abacf777c32166a51d085d6b4f3e7d27113ddb0"
    integrity sha1-WrrPd3wyFmpR0IXWtPPn0nET3bA=
    dependencies:
      iconv-lite "0.4.24"
  
  whatwg-mimetype@^2.2.0, whatwg-mimetype@^2.3.0:
    version "2.3.0"
    resolved "http://10.0.2.145:8081/repository/npm/whatwg-mimetype/-/whatwg-mimetype-2.3.0.tgz#3d4b1e0312d2079879f826aff18dbeeca5960fbf"
    integrity sha1-PUseAxLSB5h5+Cav8Y2+7KWWD78=
  
  whatwg-url@^5.0.0:
    version "5.0.0"
    resolved "http://10.0.2.145:8081/repository/npm/whatwg-url/-/whatwg-url-5.0.0.tgz#966454e8765462e37644d3626f6742ce8b70965d"
    integrity sha1-lmRU6HZUYuN2RNNib2dCzotwll0=
    dependencies:
      tr46 "~0.0.3"
      webidl-conversions "^3.0.0"
  
  whatwg-url@^7.0.0:
    version "7.1.0"
    resolved "http://10.0.2.145:8081/repository/npm/whatwg-url/-/whatwg-url-7.1.0.tgz#c2c492f1eca612988efd3d2266be1b9fc6170d06"
    integrity sha1-wsSS8eymEpiO/T0iZr4bn8YXDQY=
    dependencies:
      lodash.sortby "^4.7.0"
      tr46 "^1.0.1"
      webidl-conversions "^4.0.2"
  
  which@^2.0.1:
    version "2.0.2"
    resolved "http://10.0.2.145:8081/repository/npm/which/-/which-2.0.2.tgz#7c6a8dd0a636a0327e10b59c9286eee93f3f51b1"
    integrity sha1-fGqN0KY2oDJ+ELWckobu6T8/UbE=
    dependencies:
      isexe "^2.0.0"
  
  wide-align@^1.1.2:
    version "1.1.5"
    resolved "http://10.0.2.145:8081/repository/npm/wide-align/-/wide-align-1.1.5.tgz#df1d4c206854369ecf3c9a4898f1b23fbd9d15d3"
    integrity sha1-3x1MIGhUNp7PPJpImPGyP72dFdM=
    dependencies:
      string-width "^1.0.2 || 2 || 3 || 4"
  
  word-wrap@^1.2.3, word-wrap@~1.2.3:
    version "1.2.3"
    resolved "http://10.0.2.145:8081/repository/npm/word-wrap/-/word-wrap-1.2.3.tgz#610636f6b1f703891bd34771ccb17fb93b47079c"
    integrity sha1-YQY29rH3A4kb00dxzLF/uTtHB5w=
  
  wrappy@1:
    version "1.0.2"
    resolved "http://10.0.2.145:8081/repository/npm/wrappy/-/wrappy-1.0.2.tgz#b5243d8f3ec1aa35f1364605bc0d1036e30ab69f"
    integrity sha1-tSQ9jz7BqjXxNkYFvA0QNuMKtp8=
  
  ws@^7.0.0:
    version "7.5.5"
    resolved "http://10.0.2.145:8081/repository/npm/ws/-/ws-7.5.5.tgz#8b4bc4af518cfabd0473ae4f99144287b33eb881"
    integrity sha1-i0vEr1GM+r0Ec65PmRRCh7M+uIE=
  
  xml-name-validator@^3.0.0:
    version "3.0.0"
    resolved "http://10.0.2.145:8081/repository/npm/xml-name-validator/-/xml-name-validator-3.0.0.tgz#6ae73e06de4d8c6e47f9fb181f78d648ad457c6a"
    integrity sha1-auc+Bt5NjG5H+fsYH3jWSK1FfGo=
  
  xmlchars@^2.1.1:
    version "2.2.0"
    resolved "http://10.0.2.145:8081/repository/npm/xmlchars/-/xmlchars-2.2.0.tgz#060fe1bcb7f9c76fe2a17db86a9bc3ab894210cb"
    integrity sha1-Bg/hvLf5x2/ioX24apvDq4lCEMs=
  
  yallist@^4.0.0:
    version "4.0.0"
    resolved "http://10.0.2.145:8081/repository/npm/yallist/-/yallist-4.0.0.tgz#9bb92790d9c0effec63be73519e11a35019a3a72"
    integrity sha1-m7knkNnA7/7GO+c1GeEaNQGaOnI=
